<?xml version="1.0" encoding="UTF-8"?>
<coverage line-rate="0.516129032258065" branch-rate="0" lines-covered="1264" lines-valid="2449" branches-covered="0" branches-valid="0" complexity="0" version="3.6.1" timestamp="2023-02-09 19:05:49">
  <sources/>
  <packages>
    <package name="ggpp" line-rate="0.516129032258065" branch-rate="0" complexity="0">
      <classes>
        <class name="annotate.r" filename="R/annotate.r" line-rate="0.759259259259259" branch-rate="0" complexity="0">
          <methods>
            <method name="annotate" signature="" line-rate="0.759259259259259" branch-rate="0">
              <lines>
                <line number="75" hits="3" branch="false"/>
                <line number="76" hits="3" branch="false"/>
                <line number="77" hits="3" branch="false"/>
                <line number="78" hits="3" branch="false"/>
                <line number="79" hits="3" branch="false"/>
                <line number="81" hits="3" branch="false"/>
                <line number="82" hits="3" branch="false"/>
                <line number="83" hits="0" branch="false"/>
                <line number="84" hits="3" branch="false"/>
                <line number="85" hits="3" branch="false"/>
                <line number="86" hits="3" branch="false"/>
                <line number="87" hits="0" branch="false"/>
                <line number="88" hits="0" branch="false"/>
                <line number="89" hits="0" branch="false"/>
                <line number="90" hits="3" branch="false"/>
                <line number="91" hits="3" branch="false"/>
                <line number="92" hits="3" branch="false"/>
                <line number="93" hits="3" branch="false"/>
                <line number="94" hits="0" branch="false"/>
                <line number="95" hits="0" branch="false"/>
                <line number="96" hits="3" branch="false"/>
                <line number="97" hits="0" branch="false"/>
                <line number="98" hits="3" branch="false"/>
                <line number="99" hits="3" branch="false"/>
                <line number="100" hits="3" branch="false"/>
                <line number="102" hits="3" branch="false"/>
                <line number="103" hits="0" branch="false"/>
                <line number="105" hits="3" branch="false"/>
                <line number="106" hits="3" branch="false"/>
                <line number="107" hits="3" branch="false"/>
                <line number="108" hits="3" branch="false"/>
                <line number="109" hits="3" branch="false"/>
                <line number="110" hits="3" branch="false"/>
                <line number="111" hits="3" branch="false"/>
                <line number="112" hits="3" branch="false"/>
                <line number="113" hits="3" branch="false"/>
                <line number="114" hits="3" branch="false"/>
                <line number="115" hits="3" branch="false"/>
                <line number="116" hits="3" branch="false"/>
                <line number="117" hits="3" branch="false"/>
                <line number="118" hits="3" branch="false"/>
                <line number="119" hits="3" branch="false"/>
                <line number="120" hits="0" branch="false"/>
                <line number="122" hits="3" branch="false"/>
                <line number="123" hits="0" branch="false"/>
                <line number="124" hits="0" branch="false"/>
                <line number="125" hits="0" branch="false"/>
                <line number="126" hits="0" branch="false"/>
                <line number="128" hits="3" branch="false"/>
                <line number="129" hits="3" branch="false"/>
                <line number="130" hits="3" branch="false"/>
                <line number="131" hits="3" branch="false"/>
                <line number="132" hits="3" branch="false"/>
                <line number="133" hits="3" branch="false"/>
              </lines>
            </method>
          </methods>
          <lines>
            <line number="75" hits="3" branch="false"/>
            <line number="76" hits="3" branch="false"/>
            <line number="77" hits="3" branch="false"/>
            <line number="78" hits="3" branch="false"/>
            <line number="79" hits="3" branch="false"/>
            <line number="81" hits="3" branch="false"/>
            <line number="82" hits="3" branch="false"/>
            <line number="83" hits="0" branch="false"/>
            <line number="84" hits="3" branch="false"/>
            <line number="85" hits="3" branch="false"/>
            <line number="86" hits="3" branch="false"/>
            <line number="87" hits="0" branch="false"/>
            <line number="88" hits="0" branch="false"/>
            <line number="89" hits="0" branch="false"/>
            <line number="90" hits="3" branch="false"/>
            <line number="91" hits="3" branch="false"/>
            <line number="92" hits="3" branch="false"/>
            <line number="93" hits="3" branch="false"/>
            <line number="94" hits="0" branch="false"/>
            <line number="95" hits="0" branch="false"/>
            <line number="96" hits="3" branch="false"/>
            <line number="97" hits="0" branch="false"/>
            <line number="98" hits="3" branch="false"/>
            <line number="99" hits="3" branch="false"/>
            <line number="100" hits="3" branch="false"/>
            <line number="102" hits="3" branch="false"/>
            <line number="103" hits="0" branch="false"/>
            <line number="105" hits="3" branch="false"/>
            <line number="106" hits="3" branch="false"/>
            <line number="107" hits="3" branch="false"/>
            <line number="108" hits="3" branch="false"/>
            <line number="109" hits="3" branch="false"/>
            <line number="110" hits="3" branch="false"/>
            <line number="111" hits="3" branch="false"/>
            <line number="112" hits="3" branch="false"/>
            <line number="113" hits="3" branch="false"/>
            <line number="114" hits="3" branch="false"/>
            <line number="115" hits="3" branch="false"/>
            <line number="116" hits="3" branch="false"/>
            <line number="117" hits="3" branch="false"/>
            <line number="118" hits="3" branch="false"/>
            <line number="119" hits="3" branch="false"/>
            <line number="120" hits="0" branch="false"/>
            <line number="122" hits="3" branch="false"/>
            <line number="123" hits="0" branch="false"/>
            <line number="124" hits="0" branch="false"/>
            <line number="125" hits="0" branch="false"/>
            <line number="126" hits="0" branch="false"/>
            <line number="128" hits="3" branch="false"/>
            <line number="129" hits="3" branch="false"/>
            <line number="130" hits="3" branch="false"/>
            <line number="131" hits="3" branch="false"/>
            <line number="132" hits="3" branch="false"/>
            <line number="133" hits="3" branch="false"/>
          </lines>
        </class>
        <class name="compute-npc.r" filename="R/compute-npc.r" line-rate="1" branch-rate="0" complexity="0">
          <methods>
            <method name="compute_npcx" signature="" line-rate="1" branch-rate="0">
              <lines>
                <line number="52" hits="20" branch="false"/>
                <line number="53" hits="20" branch="false"/>
                <line number="54" hits="1" branch="false"/>
                <line number="56" hits="20" branch="false"/>
                <line number="58" hits="11" branch="false"/>
                <line number="59" hits="11" branch="false"/>
                <line number="60" hits="11" branch="false"/>
                <line number="61" hits="11" branch="false"/>
                <line number="62" hits="11" branch="false"/>
                <line number="63" hits="11" branch="false"/>
                <line number="64" hits="11" branch="false"/>
                <line number="66" hits="20" branch="false"/>
                <line number="67" hits="20" branch="false"/>
                <line number="68" hits="20" branch="false"/>
                <line number="69" hits="20" branch="false"/>
                <line number="70" hits="20" branch="false"/>
                <line number="72" hits="20" branch="false"/>
                <line number="73" hits="19" branch="false"/>
                <line number="75" hits="20" branch="false"/>
                <line number="76" hits="20" branch="false"/>
                <line number="77" hits="20" branch="false"/>
              </lines>
            </method>
            <method name="compute_npcy" signature="" line-rate="1" branch-rate="0">
              <lines>
                <line number="89" hits="20" branch="false"/>
                <line number="90" hits="20" branch="false"/>
                <line number="91" hits="1" branch="false"/>
                <line number="93" hits="20" branch="false"/>
                <line number="95" hits="11" branch="false"/>
                <line number="96" hits="11" branch="false"/>
                <line number="97" hits="11" branch="false"/>
                <line number="98" hits="11" branch="false"/>
                <line number="99" hits="11" branch="false"/>
                <line number="100" hits="11" branch="false"/>
                <line number="101" hits="11" branch="false"/>
                <line number="103" hits="20" branch="false"/>
                <line number="104" hits="20" branch="false"/>
                <line number="105" hits="22" branch="false"/>
                <line number="106" hits="22" branch="false"/>
                <line number="107" hits="22" branch="false"/>
                <line number="109" hits="20" branch="false"/>
                <line number="110" hits="2" branch="false"/>
                <line number="112" hits="20" branch="false"/>
                <line number="113" hits="20" branch="false"/>
                <line number="114" hits="20" branch="false"/>
              </lines>
            </method>
          </methods>
          <lines>
            <line number="52" hits="20" branch="false"/>
            <line number="53" hits="20" branch="false"/>
            <line number="54" hits="1" branch="false"/>
            <line number="56" hits="20" branch="false"/>
            <line number="58" hits="11" branch="false"/>
            <line number="59" hits="11" branch="false"/>
            <line number="60" hits="11" branch="false"/>
            <line number="61" hits="11" branch="false"/>
            <line number="62" hits="11" branch="false"/>
            <line number="63" hits="11" branch="false"/>
            <line number="64" hits="11" branch="false"/>
            <line number="66" hits="20" branch="false"/>
            <line number="67" hits="20" branch="false"/>
            <line number="68" hits="20" branch="false"/>
            <line number="69" hits="20" branch="false"/>
            <line number="70" hits="20" branch="false"/>
            <line number="72" hits="20" branch="false"/>
            <line number="73" hits="19" branch="false"/>
            <line number="75" hits="20" branch="false"/>
            <line number="76" hits="20" branch="false"/>
            <line number="77" hits="20" branch="false"/>
            <line number="89" hits="20" branch="false"/>
            <line number="90" hits="20" branch="false"/>
            <line number="91" hits="1" branch="false"/>
            <line number="93" hits="20" branch="false"/>
            <line number="95" hits="11" branch="false"/>
            <line number="96" hits="11" branch="false"/>
            <line number="97" hits="11" branch="false"/>
            <line number="98" hits="11" branch="false"/>
            <line number="99" hits="11" branch="false"/>
            <line number="100" hits="11" branch="false"/>
            <line number="101" hits="11" branch="false"/>
            <line number="103" hits="20" branch="false"/>
            <line number="104" hits="20" branch="false"/>
            <line number="105" hits="22" branch="false"/>
            <line number="106" hits="22" branch="false"/>
            <line number="107" hits="22" branch="false"/>
            <line number="109" hits="20" branch="false"/>
            <line number="110" hits="2" branch="false"/>
            <line number="112" hits="20" branch="false"/>
            <line number="113" hits="20" branch="false"/>
            <line number="114" hits="20" branch="false"/>
          </lines>
        </class>
        <class name="dark-or-light.R" filename="R/dark-or-light.R" line-rate="0.9" branch-rate="0" complexity="0">
          <methods>
            <method name="dark_or_light" signature="" line-rate="0.9" branch-rate="0">
              <lines>
                <line number="30" hits="7" branch="false"/>
                <line number="31" hits="0" branch="false"/>
                <line number="32" hits="7" branch="false"/>
                <line number="33" hits="7" branch="false"/>
                <line number="34" hits="7" branch="false"/>
                <line number="35" hits="7" branch="false"/>
                <line number="36" hits="7" branch="false"/>
                <line number="37" hits="7" branch="false"/>
                <line number="38" hits="7" branch="false"/>
                <line number="39" hits="7" branch="false"/>
              </lines>
            </method>
          </methods>
          <lines>
            <line number="30" hits="7" branch="false"/>
            <line number="31" hits="0" branch="false"/>
            <line number="32" hits="7" branch="false"/>
            <line number="33" hits="7" branch="false"/>
            <line number="34" hits="7" branch="false"/>
            <line number="35" hits="7" branch="false"/>
            <line number="36" hits="7" branch="false"/>
            <line number="37" hits="7" branch="false"/>
            <line number="38" hits="7" branch="false"/>
            <line number="39" hits="7" branch="false"/>
          </lines>
        </class>
        <class name="geom-grob.R" filename="R/geom-grob.R" line-rate="0.292857142857143" branch-rate="0" complexity="0">
          <methods>
            <method name="geom_grob" signature="" line-rate="1" branch-rate="0">
              <lines>
                <line number="172" hits="4" branch="false"/>
                <line number="173" hits="3" branch="false"/>
                <line number="174" hits="1" branch="false"/>
                <line number="177" hits="2" branch="false"/>
                <line number="178" hits="2" branch="false"/>
                <line number="181" hits="3" branch="false"/>
                <line number="182" hits="3" branch="false"/>
                <line number="183" hits="3" branch="false"/>
                <line number="184" hits="3" branch="false"/>
                <line number="185" hits="3" branch="false"/>
                <line number="186" hits="3" branch="false"/>
                <line number="187" hits="3" branch="false"/>
                <line number="188" hits="3" branch="false"/>
                <line number="189" hits="3" branch="false"/>
                <line number="190" hits="3" branch="false"/>
                <line number="191" hits="3" branch="false"/>
                <line number="192" hits="3" branch="false"/>
                <line number="193" hits="3" branch="false"/>
                <line number="194" hits="3" branch="false"/>
                <line number="195" hits="3" branch="false"/>
                <line number="196" hits="3" branch="false"/>
                <line number="197" hits="3" branch="false"/>
                <line number="198" hits="3" branch="false"/>
                <line number="199" hits="3" branch="false"/>
                <line number="200" hits="3" branch="false"/>
                <line number="201" hits="3" branch="false"/>
                <line number="202" hits="3" branch="false"/>
                <line number="203" hits="3" branch="false"/>
              </lines>
            </method>
            <method name="grob_draw_panel_fun" signature="" line-rate="0" branch-rate="0">
              <lines>
                <line number="227" hits="0" branch="false"/>
                <line number="228" hits="0" branch="false"/>
                <line number="231" hits="0" branch="false"/>
                <line number="232" hits="0" branch="false"/>
                <line number="233" hits="0" branch="false"/>
                <line number="236" hits="0" branch="false"/>
                <line number="239" hits="0" branch="false"/>
                <line number="240" hits="0" branch="false"/>
                <line number="241" hits="0" branch="false"/>
                <line number="242" hits="0" branch="false"/>
                <line number="243" hits="0" branch="false"/>
                <line number="244" hits="0" branch="false"/>
                <line number="247" hits="0" branch="false"/>
                <line number="248" hits="0" branch="false"/>
                <line number="249" hits="0" branch="false"/>
                <line number="250" hits="0" branch="false"/>
                <line number="251" hits="0" branch="false"/>
                <line number="252" hits="0" branch="false"/>
                <line number="253" hits="0" branch="false"/>
                <line number="255" hits="0" branch="false"/>
                <line number="256" hits="0" branch="false"/>
                <line number="257" hits="0" branch="false"/>
                <line number="258" hits="0" branch="false"/>
                <line number="259" hits="0" branch="false"/>
                <line number="260" hits="0" branch="false"/>
                <line number="261" hits="0" branch="false"/>
                <line number="263" hits="0" branch="false"/>
                <line number="264" hits="0" branch="false"/>
                <line number="265" hits="0" branch="false"/>
                <line number="266" hits="0" branch="false"/>
                <line number="267" hits="0" branch="false"/>
                <line number="268" hits="0" branch="false"/>
                <line number="272" hits="0" branch="false"/>
                <line number="273" hits="0" branch="false"/>
                <line number="274" hits="0" branch="false"/>
                <line number="275" hits="0" branch="false"/>
                <line number="276" hits="0" branch="false"/>
                <line number="277" hits="0" branch="false"/>
                <line number="278" hits="0" branch="false"/>
                <line number="279" hits="0" branch="false"/>
                <line number="280" hits="0" branch="false"/>
                <line number="281" hits="0" branch="false"/>
                <line number="282" hits="0" branch="false"/>
                <line number="284" hits="0" branch="false"/>
                <line number="285" hits="0" branch="false"/>
                <line number="286" hits="0" branch="false"/>
                <line number="287" hits="0" branch="false"/>
                <line number="288" hits="0" branch="false"/>
                <line number="289" hits="0" branch="false"/>
                <line number="290" hits="0" branch="false"/>
                <line number="291" hits="0" branch="false"/>
                <line number="292" hits="0" branch="false"/>
                <line number="295" hits="0" branch="false"/>
                <line number="297" hits="0" branch="false"/>
                <line number="298" hits="0" branch="false"/>
                <line number="299" hits="0" branch="false"/>
                <line number="300" hits="0" branch="false"/>
                <line number="302" hits="0" branch="false"/>
                <line number="303" hits="0" branch="false"/>
                <line number="304" hits="0" branch="false"/>
                <line number="305" hits="0" branch="false"/>
                <line number="306" hits="0" branch="false"/>
                <line number="307" hits="0" branch="false"/>
                <line number="308" hits="0" branch="false"/>
                <line number="309" hits="0" branch="false"/>
                <line number="310" hits="0" branch="false"/>
                <line number="311" hits="0" branch="false"/>
                <line number="312" hits="0" branch="false"/>
                <line number="313" hits="0" branch="false"/>
                <line number="314" hits="0" branch="false"/>
                <line number="316" hits="0" branch="false"/>
                <line number="318" hits="0" branch="false"/>
                <line number="322" hits="0" branch="false"/>
              </lines>
            </method>
            <method name="geom_grob_npc" signature="" line-rate="1" branch-rate="0">
              <lines>
                <line number="363" hits="1" branch="false"/>
                <line number="364" hits="1" branch="false"/>
                <line number="365" hits="1" branch="false"/>
                <line number="366" hits="1" branch="false"/>
                <line number="367" hits="1" branch="false"/>
                <line number="368" hits="1" branch="false"/>
                <line number="369" hits="1" branch="false"/>
                <line number="370" hits="1" branch="false"/>
                <line number="371" hits="1" branch="false"/>
                <line number="372" hits="1" branch="false"/>
                <line number="373" hits="1" branch="false"/>
                <line number="374" hits="1" branch="false"/>
                <line number="375" hits="1" branch="false"/>
              </lines>
            </method>
            <method name="grobnpc_draw_panel_fun" signature="" line-rate="0" branch-rate="0">
              <lines>
                <line number="389" hits="0" branch="false"/>
                <line number="390" hits="0" branch="false"/>
                <line number="393" hits="0" branch="false"/>
                <line number="394" hits="0" branch="false"/>
                <line number="395" hits="0" branch="false"/>
                <line number="398" hits="0" branch="false"/>
                <line number="399" hits="0" branch="false"/>
                <line number="401" hits="0" branch="false"/>
                <line number="402" hits="0" branch="false"/>
                <line number="404" hits="0" branch="false"/>
                <line number="405" hits="0" branch="false"/>
                <line number="408" hits="0" branch="false"/>
                <line number="410" hits="0" branch="false"/>
                <line number="411" hits="0" branch="false"/>
                <line number="413" hits="0" branch="false"/>
                <line number="414" hits="0" branch="false"/>
                <line number="415" hits="0" branch="false"/>
                <line number="416" hits="0" branch="false"/>
                <line number="417" hits="0" branch="false"/>
                <line number="418" hits="0" branch="false"/>
                <line number="419" hits="0" branch="false"/>
                <line number="420" hits="0" branch="false"/>
                <line number="421" hits="0" branch="false"/>
                <line number="424" hits="0" branch="false"/>
                <line number="426" hits="0" branch="false"/>
                <line number="433" hits="0" branch="false"/>
              </lines>
            </method>
          </methods>
          <lines>
            <line number="172" hits="4" branch="false"/>
            <line number="173" hits="3" branch="false"/>
            <line number="174" hits="1" branch="false"/>
            <line number="177" hits="2" branch="false"/>
            <line number="178" hits="2" branch="false"/>
            <line number="181" hits="3" branch="false"/>
            <line number="182" hits="3" branch="false"/>
            <line number="183" hits="3" branch="false"/>
            <line number="184" hits="3" branch="false"/>
            <line number="185" hits="3" branch="false"/>
            <line number="186" hits="3" branch="false"/>
            <line number="187" hits="3" branch="false"/>
            <line number="188" hits="3" branch="false"/>
            <line number="189" hits="3" branch="false"/>
            <line number="190" hits="3" branch="false"/>
            <line number="191" hits="3" branch="false"/>
            <line number="192" hits="3" branch="false"/>
            <line number="193" hits="3" branch="false"/>
            <line number="194" hits="3" branch="false"/>
            <line number="195" hits="3" branch="false"/>
            <line number="196" hits="3" branch="false"/>
            <line number="197" hits="3" branch="false"/>
            <line number="198" hits="3" branch="false"/>
            <line number="199" hits="3" branch="false"/>
            <line number="200" hits="3" branch="false"/>
            <line number="201" hits="3" branch="false"/>
            <line number="202" hits="3" branch="false"/>
            <line number="203" hits="3" branch="false"/>
            <line number="227" hits="0" branch="false"/>
            <line number="228" hits="0" branch="false"/>
            <line number="231" hits="0" branch="false"/>
            <line number="232" hits="0" branch="false"/>
            <line number="233" hits="0" branch="false"/>
            <line number="236" hits="0" branch="false"/>
            <line number="239" hits="0" branch="false"/>
            <line number="240" hits="0" branch="false"/>
            <line number="241" hits="0" branch="false"/>
            <line number="242" hits="0" branch="false"/>
            <line number="243" hits="0" branch="false"/>
            <line number="244" hits="0" branch="false"/>
            <line number="247" hits="0" branch="false"/>
            <line number="248" hits="0" branch="false"/>
            <line number="249" hits="0" branch="false"/>
            <line number="250" hits="0" branch="false"/>
            <line number="251" hits="0" branch="false"/>
            <line number="252" hits="0" branch="false"/>
            <line number="253" hits="0" branch="false"/>
            <line number="255" hits="0" branch="false"/>
            <line number="256" hits="0" branch="false"/>
            <line number="257" hits="0" branch="false"/>
            <line number="258" hits="0" branch="false"/>
            <line number="259" hits="0" branch="false"/>
            <line number="260" hits="0" branch="false"/>
            <line number="261" hits="0" branch="false"/>
            <line number="263" hits="0" branch="false"/>
            <line number="264" hits="0" branch="false"/>
            <line number="265" hits="0" branch="false"/>
            <line number="266" hits="0" branch="false"/>
            <line number="267" hits="0" branch="false"/>
            <line number="268" hits="0" branch="false"/>
            <line number="272" hits="0" branch="false"/>
            <line number="273" hits="0" branch="false"/>
            <line number="274" hits="0" branch="false"/>
            <line number="275" hits="0" branch="false"/>
            <line number="276" hits="0" branch="false"/>
            <line number="277" hits="0" branch="false"/>
            <line number="278" hits="0" branch="false"/>
            <line number="279" hits="0" branch="false"/>
            <line number="280" hits="0" branch="false"/>
            <line number="281" hits="0" branch="false"/>
            <line number="282" hits="0" branch="false"/>
            <line number="284" hits="0" branch="false"/>
            <line number="285" hits="0" branch="false"/>
            <line number="286" hits="0" branch="false"/>
            <line number="287" hits="0" branch="false"/>
            <line number="288" hits="0" branch="false"/>
            <line number="289" hits="0" branch="false"/>
            <line number="290" hits="0" branch="false"/>
            <line number="291" hits="0" branch="false"/>
            <line number="292" hits="0" branch="false"/>
            <line number="295" hits="0" branch="false"/>
            <line number="297" hits="0" branch="false"/>
            <line number="298" hits="0" branch="false"/>
            <line number="299" hits="0" branch="false"/>
            <line number="300" hits="0" branch="false"/>
            <line number="302" hits="0" branch="false"/>
            <line number="303" hits="0" branch="false"/>
            <line number="304" hits="0" branch="false"/>
            <line number="305" hits="0" branch="false"/>
            <line number="306" hits="0" branch="false"/>
            <line number="307" hits="0" branch="false"/>
            <line number="308" hits="0" branch="false"/>
            <line number="309" hits="0" branch="false"/>
            <line number="310" hits="0" branch="false"/>
            <line number="311" hits="0" branch="false"/>
            <line number="312" hits="0" branch="false"/>
            <line number="313" hits="0" branch="false"/>
            <line number="314" hits="0" branch="false"/>
            <line number="316" hits="0" branch="false"/>
            <line number="318" hits="0" branch="false"/>
            <line number="322" hits="0" branch="false"/>
            <line number="363" hits="1" branch="false"/>
            <line number="364" hits="1" branch="false"/>
            <line number="365" hits="1" branch="false"/>
            <line number="366" hits="1" branch="false"/>
            <line number="367" hits="1" branch="false"/>
            <line number="368" hits="1" branch="false"/>
            <line number="369" hits="1" branch="false"/>
            <line number="370" hits="1" branch="false"/>
            <line number="371" hits="1" branch="false"/>
            <line number="372" hits="1" branch="false"/>
            <line number="373" hits="1" branch="false"/>
            <line number="374" hits="1" branch="false"/>
            <line number="375" hits="1" branch="false"/>
            <line number="389" hits="0" branch="false"/>
            <line number="390" hits="0" branch="false"/>
            <line number="393" hits="0" branch="false"/>
            <line number="394" hits="0" branch="false"/>
            <line number="395" hits="0" branch="false"/>
            <line number="398" hits="0" branch="false"/>
            <line number="399" hits="0" branch="false"/>
            <line number="401" hits="0" branch="false"/>
            <line number="402" hits="0" branch="false"/>
            <line number="404" hits="0" branch="false"/>
            <line number="405" hits="0" branch="false"/>
            <line number="408" hits="0" branch="false"/>
            <line number="410" hits="0" branch="false"/>
            <line number="411" hits="0" branch="false"/>
            <line number="413" hits="0" branch="false"/>
            <line number="414" hits="0" branch="false"/>
            <line number="415" hits="0" branch="false"/>
            <line number="416" hits="0" branch="false"/>
            <line number="417" hits="0" branch="false"/>
            <line number="418" hits="0" branch="false"/>
            <line number="419" hits="0" branch="false"/>
            <line number="420" hits="0" branch="false"/>
            <line number="421" hits="0" branch="false"/>
            <line number="424" hits="0" branch="false"/>
            <line number="426" hits="0" branch="false"/>
            <line number="433" hits="0" branch="false"/>
          </lines>
        </class>
        <class name="geom-label-linked.r" filename="R/geom-label-linked.r" line-rate="0.789473684210526" branch-rate="0" complexity="0">
          <methods>
            <method name="geom_label_s" signature="" line-rate="1" branch-rate="0">
              <lines>
                <line number="32" hits="2" branch="false"/>
                <line number="33" hits="2" branch="false"/>
                <line number="34" hits="1" branch="false"/>
                <line number="37" hits="1" branch="false"/>
                <line number="40" hits="1" branch="false"/>
                <line number="41" hits="1" branch="false"/>
                <line number="42" hits="1" branch="false"/>
                <line number="43" hits="1" branch="false"/>
                <line number="44" hits="1" branch="false"/>
                <line number="45" hits="1" branch="false"/>
                <line number="46" hits="1" branch="false"/>
                <line number="47" hits="1" branch="false"/>
                <line number="48" hits="1" branch="false"/>
                <line number="49" hits="1" branch="false"/>
                <line number="50" hits="1" branch="false"/>
                <line number="51" hits="1" branch="false"/>
                <line number="52" hits="1" branch="false"/>
                <line number="53" hits="1" branch="false"/>
                <line number="54" hits="1" branch="false"/>
                <line number="55" hits="1" branch="false"/>
                <line number="56" hits="1" branch="false"/>
                <line number="57" hits="1" branch="false"/>
                <line number="58" hits="1" branch="false"/>
                <line number="59" hits="1" branch="false"/>
                <line number="60" hits="1" branch="false"/>
                <line number="61" hits="1" branch="false"/>
                <line number="62" hits="1" branch="false"/>
                <line number="63" hits="1" branch="false"/>
                <line number="64" hits="1" branch="false"/>
                <line number="65" hits="1" branch="false"/>
              </lines>
            </method>
            <method name="labelGrob" signature="" line-rate="0" branch-rate="0">
              <lines>
                <line number="239" hits="0" branch="false"/>
                <line number="240" hits="0" branch="false"/>
                <line number="243" hits="0" branch="false"/>
                <line number="244" hits="0" branch="false"/>
                <line number="245" hits="0" branch="false"/>
                <line number="246" hits="0" branch="false"/>
                <line number="248" hits="0" branch="false"/>
                <line number="249" hits="0" branch="false"/>
              </lines>
            </method>
          </methods>
          <lines>
            <line number="32" hits="2" branch="false"/>
            <line number="33" hits="2" branch="false"/>
            <line number="34" hits="1" branch="false"/>
            <line number="37" hits="1" branch="false"/>
            <line number="40" hits="1" branch="false"/>
            <line number="41" hits="1" branch="false"/>
            <line number="42" hits="1" branch="false"/>
            <line number="43" hits="1" branch="false"/>
            <line number="44" hits="1" branch="false"/>
            <line number="45" hits="1" branch="false"/>
            <line number="46" hits="1" branch="false"/>
            <line number="47" hits="1" branch="false"/>
            <line number="48" hits="1" branch="false"/>
            <line number="49" hits="1" branch="false"/>
            <line number="50" hits="1" branch="false"/>
            <line number="51" hits="1" branch="false"/>
            <line number="52" hits="1" branch="false"/>
            <line number="53" hits="1" branch="false"/>
            <line number="54" hits="1" branch="false"/>
            <line number="55" hits="1" branch="false"/>
            <line number="56" hits="1" branch="false"/>
            <line number="57" hits="1" branch="false"/>
            <line number="58" hits="1" branch="false"/>
            <line number="59" hits="1" branch="false"/>
            <line number="60" hits="1" branch="false"/>
            <line number="61" hits="1" branch="false"/>
            <line number="62" hits="1" branch="false"/>
            <line number="63" hits="1" branch="false"/>
            <line number="64" hits="1" branch="false"/>
            <line number="65" hits="1" branch="false"/>
            <line number="239" hits="0" branch="false"/>
            <line number="240" hits="0" branch="false"/>
            <line number="243" hits="0" branch="false"/>
            <line number="244" hits="0" branch="false"/>
            <line number="245" hits="0" branch="false"/>
            <line number="246" hits="0" branch="false"/>
            <line number="248" hits="0" branch="false"/>
            <line number="249" hits="0" branch="false"/>
          </lines>
        </class>
        <class name="geom-label-npc.r" filename="R/geom-label-npc.r" line-rate="0.954545454545455" branch-rate="0" complexity="0">
          <methods>
            <method name="geom_label_npc" signature="" line-rate="0.954545454545455" branch-rate="0">
              <lines>
                <line number="20" hits="3" branch="false"/>
                <line number="21" hits="1" branch="false"/>
                <line number="22" hits="1" branch="false"/>
                <line number="23" hits="1" branch="false"/>
                <line number="25" hits="0" branch="false"/>
                <line number="28" hits="2" branch="false"/>
                <line number="29" hits="2" branch="false"/>
                <line number="30" hits="2" branch="false"/>
                <line number="31" hits="2" branch="false"/>
                <line number="32" hits="2" branch="false"/>
                <line number="33" hits="2" branch="false"/>
                <line number="34" hits="2" branch="false"/>
                <line number="35" hits="2" branch="false"/>
                <line number="36" hits="2" branch="false"/>
                <line number="37" hits="2" branch="false"/>
                <line number="38" hits="2" branch="false"/>
                <line number="39" hits="2" branch="false"/>
                <line number="40" hits="2" branch="false"/>
                <line number="41" hits="2" branch="false"/>
                <line number="42" hits="2" branch="false"/>
                <line number="43" hits="2" branch="false"/>
                <line number="44" hits="2" branch="false"/>
              </lines>
            </method>
          </methods>
          <lines>
            <line number="20" hits="3" branch="false"/>
            <line number="21" hits="1" branch="false"/>
            <line number="22" hits="1" branch="false"/>
            <line number="23" hits="1" branch="false"/>
            <line number="25" hits="0" branch="false"/>
            <line number="28" hits="2" branch="false"/>
            <line number="29" hits="2" branch="false"/>
            <line number="30" hits="2" branch="false"/>
            <line number="31" hits="2" branch="false"/>
            <line number="32" hits="2" branch="false"/>
            <line number="33" hits="2" branch="false"/>
            <line number="34" hits="2" branch="false"/>
            <line number="35" hits="2" branch="false"/>
            <line number="36" hits="2" branch="false"/>
            <line number="37" hits="2" branch="false"/>
            <line number="38" hits="2" branch="false"/>
            <line number="39" hits="2" branch="false"/>
            <line number="40" hits="2" branch="false"/>
            <line number="41" hits="2" branch="false"/>
            <line number="42" hits="2" branch="false"/>
            <line number="43" hits="2" branch="false"/>
            <line number="44" hits="2" branch="false"/>
          </lines>
        </class>
        <class name="geom-margin-arrow.r" filename="R/geom-margin-arrow.r" line-rate="1" branch-rate="0" complexity="0">
          <methods>
            <method name="geom_x_margin_arrow" signature="" line-rate="1" branch-rate="0">
              <lines>
                <line number="67" hits="3" branch="false"/>
                <line number="68" hits="1" branch="false"/>
                <line number="69" hits="1" branch="false"/>
                <line number="70" hits="1" branch="false"/>
                <line number="73" hits="3" branch="false"/>
                <line number="74" hits="3" branch="false"/>
                <line number="75" hits="3" branch="false"/>
                <line number="76" hits="3" branch="false"/>
                <line number="77" hits="3" branch="false"/>
                <line number="78" hits="3" branch="false"/>
                <line number="79" hits="3" branch="false"/>
                <line number="80" hits="3" branch="false"/>
                <line number="81" hits="3" branch="false"/>
                <line number="82" hits="3" branch="false"/>
                <line number="83" hits="3" branch="false"/>
                <line number="84" hits="3" branch="false"/>
                <line number="85" hits="3" branch="false"/>
                <line number="86" hits="3" branch="false"/>
                <line number="87" hits="3" branch="false"/>
              </lines>
            </method>
            <method name="geom_y_margin_arrow" signature="" line-rate="1" branch-rate="0">
              <lines>
                <line number="184" hits="3" branch="false"/>
                <line number="185" hits="1" branch="false"/>
                <line number="186" hits="1" branch="false"/>
                <line number="187" hits="1" branch="false"/>
                <line number="190" hits="3" branch="false"/>
                <line number="191" hits="3" branch="false"/>
                <line number="192" hits="3" branch="false"/>
                <line number="193" hits="3" branch="false"/>
                <line number="194" hits="3" branch="false"/>
                <line number="195" hits="3" branch="false"/>
                <line number="196" hits="3" branch="false"/>
                <line number="197" hits="3" branch="false"/>
                <line number="198" hits="3" branch="false"/>
                <line number="199" hits="3" branch="false"/>
                <line number="200" hits="3" branch="false"/>
                <line number="201" hits="3" branch="false"/>
                <line number="202" hits="3" branch="false"/>
                <line number="203" hits="3" branch="false"/>
                <line number="204" hits="3" branch="false"/>
              </lines>
            </method>
          </methods>
          <lines>
            <line number="67" hits="3" branch="false"/>
            <line number="68" hits="1" branch="false"/>
            <line number="69" hits="1" branch="false"/>
            <line number="70" hits="1" branch="false"/>
            <line number="73" hits="3" branch="false"/>
            <line number="74" hits="3" branch="false"/>
            <line number="75" hits="3" branch="false"/>
            <line number="76" hits="3" branch="false"/>
            <line number="77" hits="3" branch="false"/>
            <line number="78" hits="3" branch="false"/>
            <line number="79" hits="3" branch="false"/>
            <line number="80" hits="3" branch="false"/>
            <line number="81" hits="3" branch="false"/>
            <line number="82" hits="3" branch="false"/>
            <line number="83" hits="3" branch="false"/>
            <line number="84" hits="3" branch="false"/>
            <line number="85" hits="3" branch="false"/>
            <line number="86" hits="3" branch="false"/>
            <line number="87" hits="3" branch="false"/>
            <line number="184" hits="3" branch="false"/>
            <line number="185" hits="1" branch="false"/>
            <line number="186" hits="1" branch="false"/>
            <line number="187" hits="1" branch="false"/>
            <line number="190" hits="3" branch="false"/>
            <line number="191" hits="3" branch="false"/>
            <line number="192" hits="3" branch="false"/>
            <line number="193" hits="3" branch="false"/>
            <line number="194" hits="3" branch="false"/>
            <line number="195" hits="3" branch="false"/>
            <line number="196" hits="3" branch="false"/>
            <line number="197" hits="3" branch="false"/>
            <line number="198" hits="3" branch="false"/>
            <line number="199" hits="3" branch="false"/>
            <line number="200" hits="3" branch="false"/>
            <line number="201" hits="3" branch="false"/>
            <line number="202" hits="3" branch="false"/>
            <line number="203" hits="3" branch="false"/>
            <line number="204" hits="3" branch="false"/>
          </lines>
        </class>
        <class name="geom-margin-grob.r" filename="R/geom-margin-grob.r" line-rate="0.842105263157895" branch-rate="0" complexity="0">
          <methods>
            <method name="geom_x_margin_grob" signature="" line-rate="0.842105263157895" branch-rate="0">
              <lines>
                <line number="70" hits="1" branch="false"/>
                <line number="71" hits="0" branch="false"/>
                <line number="72" hits="0" branch="false"/>
                <line number="73" hits="0" branch="false"/>
                <line number="76" hits="1" branch="false"/>
                <line number="77" hits="1" branch="false"/>
                <line number="78" hits="1" branch="false"/>
                <line number="79" hits="1" branch="false"/>
                <line number="80" hits="1" branch="false"/>
                <line number="81" hits="1" branch="false"/>
                <line number="82" hits="1" branch="false"/>
                <line number="83" hits="1" branch="false"/>
                <line number="84" hits="1" branch="false"/>
                <line number="85" hits="1" branch="false"/>
                <line number="86" hits="1" branch="false"/>
                <line number="87" hits="1" branch="false"/>
                <line number="88" hits="1" branch="false"/>
                <line number="89" hits="1" branch="false"/>
                <line number="90" hits="1" branch="false"/>
              </lines>
            </method>
            <method name="geom_y_margin_grob" signature="" line-rate="0.842105263157895" branch-rate="0">
              <lines>
                <line number="225" hits="1" branch="false"/>
                <line number="226" hits="0" branch="false"/>
                <line number="227" hits="0" branch="false"/>
                <line number="228" hits="0" branch="false"/>
                <line number="231" hits="1" branch="false"/>
                <line number="232" hits="1" branch="false"/>
                <line number="233" hits="1" branch="false"/>
                <line number="234" hits="1" branch="false"/>
                <line number="235" hits="1" branch="false"/>
                <line number="236" hits="1" branch="false"/>
                <line number="237" hits="1" branch="false"/>
                <line number="238" hits="1" branch="false"/>
                <line number="239" hits="1" branch="false"/>
                <line number="240" hits="1" branch="false"/>
                <line number="241" hits="1" branch="false"/>
                <line number="242" hits="1" branch="false"/>
                <line number="243" hits="1" branch="false"/>
                <line number="244" hits="1" branch="false"/>
                <line number="245" hits="1" branch="false"/>
              </lines>
            </method>
          </methods>
          <lines>
            <line number="70" hits="1" branch="false"/>
            <line number="71" hits="0" branch="false"/>
            <line number="72" hits="0" branch="false"/>
            <line number="73" hits="0" branch="false"/>
            <line number="76" hits="1" branch="false"/>
            <line number="77" hits="1" branch="false"/>
            <line number="78" hits="1" branch="false"/>
            <line number="79" hits="1" branch="false"/>
            <line number="80" hits="1" branch="false"/>
            <line number="81" hits="1" branch="false"/>
            <line number="82" hits="1" branch="false"/>
            <line number="83" hits="1" branch="false"/>
            <line number="84" hits="1" branch="false"/>
            <line number="85" hits="1" branch="false"/>
            <line number="86" hits="1" branch="false"/>
            <line number="87" hits="1" branch="false"/>
            <line number="88" hits="1" branch="false"/>
            <line number="89" hits="1" branch="false"/>
            <line number="90" hits="1" branch="false"/>
            <line number="225" hits="1" branch="false"/>
            <line number="226" hits="0" branch="false"/>
            <line number="227" hits="0" branch="false"/>
            <line number="228" hits="0" branch="false"/>
            <line number="231" hits="1" branch="false"/>
            <line number="232" hits="1" branch="false"/>
            <line number="233" hits="1" branch="false"/>
            <line number="234" hits="1" branch="false"/>
            <line number="235" hits="1" branch="false"/>
            <line number="236" hits="1" branch="false"/>
            <line number="237" hits="1" branch="false"/>
            <line number="238" hits="1" branch="false"/>
            <line number="239" hits="1" branch="false"/>
            <line number="240" hits="1" branch="false"/>
            <line number="241" hits="1" branch="false"/>
            <line number="242" hits="1" branch="false"/>
            <line number="243" hits="1" branch="false"/>
            <line number="244" hits="1" branch="false"/>
            <line number="245" hits="1" branch="false"/>
          </lines>
        </class>
        <class name="geom-margin-point.r" filename="R/geom-margin-point.r" line-rate="1" branch-rate="0" complexity="0">
          <methods>
            <method name="geom_x_margin_point" signature="" line-rate="1" branch-rate="0">
              <lines>
                <line number="68" hits="3" branch="false"/>
                <line number="69" hits="1" branch="false"/>
                <line number="70" hits="1" branch="false"/>
                <line number="71" hits="1" branch="false"/>
                <line number="74" hits="3" branch="false"/>
                <line number="75" hits="3" branch="false"/>
                <line number="76" hits="3" branch="false"/>
                <line number="77" hits="3" branch="false"/>
                <line number="78" hits="3" branch="false"/>
                <line number="79" hits="3" branch="false"/>
                <line number="80" hits="3" branch="false"/>
                <line number="81" hits="3" branch="false"/>
                <line number="82" hits="3" branch="false"/>
                <line number="83" hits="3" branch="false"/>
                <line number="84" hits="3" branch="false"/>
                <line number="85" hits="3" branch="false"/>
                <line number="86" hits="3" branch="false"/>
                <line number="87" hits="3" branch="false"/>
                <line number="88" hits="3" branch="false"/>
              </lines>
            </method>
            <method name="geom_y_margin_point" signature="" line-rate="1" branch-rate="0">
              <lines>
                <line number="187" hits="3" branch="false"/>
                <line number="188" hits="1" branch="false"/>
                <line number="189" hits="1" branch="false"/>
                <line number="190" hits="1" branch="false"/>
                <line number="193" hits="3" branch="false"/>
                <line number="194" hits="3" branch="false"/>
                <line number="195" hits="3" branch="false"/>
                <line number="196" hits="3" branch="false"/>
                <line number="197" hits="3" branch="false"/>
                <line number="198" hits="3" branch="false"/>
                <line number="199" hits="3" branch="false"/>
                <line number="200" hits="3" branch="false"/>
                <line number="201" hits="3" branch="false"/>
                <line number="202" hits="3" branch="false"/>
                <line number="203" hits="3" branch="false"/>
                <line number="204" hits="3" branch="false"/>
                <line number="205" hits="3" branch="false"/>
                <line number="206" hits="3" branch="false"/>
                <line number="207" hits="3" branch="false"/>
              </lines>
            </method>
          </methods>
          <lines>
            <line number="68" hits="3" branch="false"/>
            <line number="69" hits="1" branch="false"/>
            <line number="70" hits="1" branch="false"/>
            <line number="71" hits="1" branch="false"/>
            <line number="74" hits="3" branch="false"/>
            <line number="75" hits="3" branch="false"/>
            <line number="76" hits="3" branch="false"/>
            <line number="77" hits="3" branch="false"/>
            <line number="78" hits="3" branch="false"/>
            <line number="79" hits="3" branch="false"/>
            <line number="80" hits="3" branch="false"/>
            <line number="81" hits="3" branch="false"/>
            <line number="82" hits="3" branch="false"/>
            <line number="83" hits="3" branch="false"/>
            <line number="84" hits="3" branch="false"/>
            <line number="85" hits="3" branch="false"/>
            <line number="86" hits="3" branch="false"/>
            <line number="87" hits="3" branch="false"/>
            <line number="88" hits="3" branch="false"/>
            <line number="187" hits="3" branch="false"/>
            <line number="188" hits="1" branch="false"/>
            <line number="189" hits="1" branch="false"/>
            <line number="190" hits="1" branch="false"/>
            <line number="193" hits="3" branch="false"/>
            <line number="194" hits="3" branch="false"/>
            <line number="195" hits="3" branch="false"/>
            <line number="196" hits="3" branch="false"/>
            <line number="197" hits="3" branch="false"/>
            <line number="198" hits="3" branch="false"/>
            <line number="199" hits="3" branch="false"/>
            <line number="200" hits="3" branch="false"/>
            <line number="201" hits="3" branch="false"/>
            <line number="202" hits="3" branch="false"/>
            <line number="203" hits="3" branch="false"/>
            <line number="204" hits="3" branch="false"/>
            <line number="205" hits="3" branch="false"/>
            <line number="206" hits="3" branch="false"/>
            <line number="207" hits="3" branch="false"/>
          </lines>
        </class>
        <class name="geom-plot.R" filename="R/geom-plot.R" line-rate="0.288732394366197" branch-rate="0" complexity="0">
          <methods>
            <method name="geom_plot" signature="" line-rate="1" branch-rate="0">
              <lines>
                <line number="162" hits="4" branch="false"/>
                <line number="163" hits="2" branch="false"/>
                <line number="164" hits="1" branch="false"/>
                <line number="167" hits="1" branch="false"/>
                <line number="168" hits="1" branch="false"/>
                <line number="171" hits="3" branch="false"/>
                <line number="172" hits="3" branch="false"/>
                <line number="173" hits="3" branch="false"/>
                <line number="174" hits="3" branch="false"/>
                <line number="175" hits="3" branch="false"/>
                <line number="176" hits="3" branch="false"/>
                <line number="177" hits="3" branch="false"/>
                <line number="178" hits="3" branch="false"/>
                <line number="179" hits="3" branch="false"/>
                <line number="180" hits="3" branch="false"/>
                <line number="181" hits="3" branch="false"/>
                <line number="182" hits="3" branch="false"/>
                <line number="183" hits="3" branch="false"/>
                <line number="184" hits="3" branch="false"/>
                <line number="185" hits="3" branch="false"/>
                <line number="186" hits="3" branch="false"/>
                <line number="187" hits="3" branch="false"/>
                <line number="188" hits="3" branch="false"/>
                <line number="189" hits="3" branch="false"/>
                <line number="190" hits="3" branch="false"/>
                <line number="191" hits="3" branch="false"/>
                <line number="192" hits="3" branch="false"/>
                <line number="193" hits="3" branch="false"/>
              </lines>
            </method>
            <method name="gplot_draw_panel_fun" signature="" line-rate="0" branch-rate="0">
              <lines>
                <line number="217" hits="0" branch="false"/>
                <line number="218" hits="0" branch="false"/>
                <line number="221" hits="0" branch="false"/>
                <line number="222" hits="0" branch="false"/>
                <line number="223" hits="0" branch="false"/>
                <line number="224" hits="0" branch="false"/>
                <line number="227" hits="0" branch="false"/>
                <line number="230" hits="0" branch="false"/>
                <line number="231" hits="0" branch="false"/>
                <line number="232" hits="0" branch="false"/>
                <line number="233" hits="0" branch="false"/>
                <line number="234" hits="0" branch="false"/>
                <line number="235" hits="0" branch="false"/>
                <line number="238" hits="0" branch="false"/>
                <line number="239" hits="0" branch="false"/>
                <line number="240" hits="0" branch="false"/>
                <line number="241" hits="0" branch="false"/>
                <line number="242" hits="0" branch="false"/>
                <line number="243" hits="0" branch="false"/>
                <line number="244" hits="0" branch="false"/>
                <line number="246" hits="0" branch="false"/>
                <line number="247" hits="0" branch="false"/>
                <line number="248" hits="0" branch="false"/>
                <line number="249" hits="0" branch="false"/>
                <line number="250" hits="0" branch="false"/>
                <line number="251" hits="0" branch="false"/>
                <line number="252" hits="0" branch="false"/>
                <line number="254" hits="0" branch="false"/>
                <line number="255" hits="0" branch="false"/>
                <line number="256" hits="0" branch="false"/>
                <line number="257" hits="0" branch="false"/>
                <line number="258" hits="0" branch="false"/>
                <line number="259" hits="0" branch="false"/>
                <line number="263" hits="0" branch="false"/>
                <line number="265" hits="0" branch="false"/>
                <line number="266" hits="0" branch="false"/>
                <line number="267" hits="0" branch="false"/>
                <line number="268" hits="0" branch="false"/>
                <line number="269" hits="0" branch="false"/>
                <line number="270" hits="0" branch="false"/>
                <line number="271" hits="0" branch="false"/>
                <line number="272" hits="0" branch="false"/>
                <line number="273" hits="0" branch="false"/>
                <line number="275" hits="0" branch="false"/>
                <line number="276" hits="0" branch="false"/>
                <line number="277" hits="0" branch="false"/>
                <line number="278" hits="0" branch="false"/>
                <line number="279" hits="0" branch="false"/>
                <line number="280" hits="0" branch="false"/>
                <line number="281" hits="0" branch="false"/>
                <line number="282" hits="0" branch="false"/>
                <line number="283" hits="0" branch="false"/>
                <line number="286" hits="0" branch="false"/>
                <line number="288" hits="0" branch="false"/>
                <line number="289" hits="0" branch="false"/>
                <line number="290" hits="0" branch="false"/>
                <line number="291" hits="0" branch="false"/>
                <line number="293" hits="0" branch="false"/>
                <line number="294" hits="0" branch="false"/>
                <line number="295" hits="0" branch="false"/>
                <line number="296" hits="0" branch="false"/>
                <line number="297" hits="0" branch="false"/>
                <line number="298" hits="0" branch="false"/>
                <line number="299" hits="0" branch="false"/>
                <line number="300" hits="0" branch="false"/>
                <line number="301" hits="0" branch="false"/>
                <line number="302" hits="0" branch="false"/>
                <line number="303" hits="0" branch="false"/>
                <line number="304" hits="0" branch="false"/>
                <line number="305" hits="0" branch="false"/>
                <line number="307" hits="0" branch="false"/>
                <line number="309" hits="0" branch="false"/>
                <line number="313" hits="0" branch="false"/>
              </lines>
            </method>
            <method name="geom_plot_npc" signature="" line-rate="1" branch-rate="0">
              <lines>
                <line number="354" hits="1" branch="false"/>
                <line number="355" hits="1" branch="false"/>
                <line number="356" hits="1" branch="false"/>
                <line number="357" hits="1" branch="false"/>
                <line number="358" hits="1" branch="false"/>
                <line number="359" hits="1" branch="false"/>
                <line number="360" hits="1" branch="false"/>
                <line number="361" hits="1" branch="false"/>
                <line number="362" hits="1" branch="false"/>
                <line number="363" hits="1" branch="false"/>
                <line number="364" hits="1" branch="false"/>
                <line number="365" hits="1" branch="false"/>
                <line number="366" hits="1" branch="false"/>
              </lines>
            </method>
            <method name="gplotnpc_draw_panel_fun" signature="" line-rate="0" branch-rate="0">
              <lines>
                <line number="378" hits="0" branch="false"/>
                <line number="379" hits="0" branch="false"/>
                <line number="382" hits="0" branch="false"/>
                <line number="383" hits="0" branch="false"/>
                <line number="384" hits="0" branch="false"/>
                <line number="387" hits="0" branch="false"/>
                <line number="388" hits="0" branch="false"/>
                <line number="390" hits="0" branch="false"/>
                <line number="391" hits="0" branch="false"/>
                <line number="393" hits="0" branch="false"/>
                <line number="394" hits="0" branch="false"/>
                <line number="397" hits="0" branch="false"/>
                <line number="399" hits="0" branch="false"/>
                <line number="400" hits="0" branch="false"/>
                <line number="401" hits="0" branch="false"/>
                <line number="403" hits="0" branch="false"/>
                <line number="404" hits="0" branch="false"/>
                <line number="405" hits="0" branch="false"/>
                <line number="406" hits="0" branch="false"/>
                <line number="407" hits="0" branch="false"/>
                <line number="408" hits="0" branch="false"/>
                <line number="409" hits="0" branch="false"/>
                <line number="410" hits="0" branch="false"/>
                <line number="411" hits="0" branch="false"/>
                <line number="412" hits="0" branch="false"/>
                <line number="415" hits="0" branch="false"/>
                <line number="417" hits="0" branch="false"/>
                <line number="424" hits="0" branch="false"/>
              </lines>
            </method>
          </methods>
          <lines>
            <line number="162" hits="4" branch="false"/>
            <line number="163" hits="2" branch="false"/>
            <line number="164" hits="1" branch="false"/>
            <line number="167" hits="1" branch="false"/>
            <line number="168" hits="1" branch="false"/>
            <line number="171" hits="3" branch="false"/>
            <line number="172" hits="3" branch="false"/>
            <line number="173" hits="3" branch="false"/>
            <line number="174" hits="3" branch="false"/>
            <line number="175" hits="3" branch="false"/>
            <line number="176" hits="3" branch="false"/>
            <line number="177" hits="3" branch="false"/>
            <line number="178" hits="3" branch="false"/>
            <line number="179" hits="3" branch="false"/>
            <line number="180" hits="3" branch="false"/>
            <line number="181" hits="3" branch="false"/>
            <line number="182" hits="3" branch="false"/>
            <line number="183" hits="3" branch="false"/>
            <line number="184" hits="3" branch="false"/>
            <line number="185" hits="3" branch="false"/>
            <line number="186" hits="3" branch="false"/>
            <line number="187" hits="3" branch="false"/>
            <line number="188" hits="3" branch="false"/>
            <line number="189" hits="3" branch="false"/>
            <line number="190" hits="3" branch="false"/>
            <line number="191" hits="3" branch="false"/>
            <line number="192" hits="3" branch="false"/>
            <line number="193" hits="3" branch="false"/>
            <line number="217" hits="0" branch="false"/>
            <line number="218" hits="0" branch="false"/>
            <line number="221" hits="0" branch="false"/>
            <line number="222" hits="0" branch="false"/>
            <line number="223" hits="0" branch="false"/>
            <line number="224" hits="0" branch="false"/>
            <line number="227" hits="0" branch="false"/>
            <line number="230" hits="0" branch="false"/>
            <line number="231" hits="0" branch="false"/>
            <line number="232" hits="0" branch="false"/>
            <line number="233" hits="0" branch="false"/>
            <line number="234" hits="0" branch="false"/>
            <line number="235" hits="0" branch="false"/>
            <line number="238" hits="0" branch="false"/>
            <line number="239" hits="0" branch="false"/>
            <line number="240" hits="0" branch="false"/>
            <line number="241" hits="0" branch="false"/>
            <line number="242" hits="0" branch="false"/>
            <line number="243" hits="0" branch="false"/>
            <line number="244" hits="0" branch="false"/>
            <line number="246" hits="0" branch="false"/>
            <line number="247" hits="0" branch="false"/>
            <line number="248" hits="0" branch="false"/>
            <line number="249" hits="0" branch="false"/>
            <line number="250" hits="0" branch="false"/>
            <line number="251" hits="0" branch="false"/>
            <line number="252" hits="0" branch="false"/>
            <line number="254" hits="0" branch="false"/>
            <line number="255" hits="0" branch="false"/>
            <line number="256" hits="0" branch="false"/>
            <line number="257" hits="0" branch="false"/>
            <line number="258" hits="0" branch="false"/>
            <line number="259" hits="0" branch="false"/>
            <line number="263" hits="0" branch="false"/>
            <line number="265" hits="0" branch="false"/>
            <line number="266" hits="0" branch="false"/>
            <line number="267" hits="0" branch="false"/>
            <line number="268" hits="0" branch="false"/>
            <line number="269" hits="0" branch="false"/>
            <line number="270" hits="0" branch="false"/>
            <line number="271" hits="0" branch="false"/>
            <line number="272" hits="0" branch="false"/>
            <line number="273" hits="0" branch="false"/>
            <line number="275" hits="0" branch="false"/>
            <line number="276" hits="0" branch="false"/>
            <line number="277" hits="0" branch="false"/>
            <line number="278" hits="0" branch="false"/>
            <line number="279" hits="0" branch="false"/>
            <line number="280" hits="0" branch="false"/>
            <line number="281" hits="0" branch="false"/>
            <line number="282" hits="0" branch="false"/>
            <line number="283" hits="0" branch="false"/>
            <line number="286" hits="0" branch="false"/>
            <line number="288" hits="0" branch="false"/>
            <line number="289" hits="0" branch="false"/>
            <line number="290" hits="0" branch="false"/>
            <line number="291" hits="0" branch="false"/>
            <line number="293" hits="0" branch="false"/>
            <line number="294" hits="0" branch="false"/>
            <line number="295" hits="0" branch="false"/>
            <line number="296" hits="0" branch="false"/>
            <line number="297" hits="0" branch="false"/>
            <line number="298" hits="0" branch="false"/>
            <line number="299" hits="0" branch="false"/>
            <line number="300" hits="0" branch="false"/>
            <line number="301" hits="0" branch="false"/>
            <line number="302" hits="0" branch="false"/>
            <line number="303" hits="0" branch="false"/>
            <line number="304" hits="0" branch="false"/>
            <line number="305" hits="0" branch="false"/>
            <line number="307" hits="0" branch="false"/>
            <line number="309" hits="0" branch="false"/>
            <line number="313" hits="0" branch="false"/>
            <line number="354" hits="1" branch="false"/>
            <line number="355" hits="1" branch="false"/>
            <line number="356" hits="1" branch="false"/>
            <line number="357" hits="1" branch="false"/>
            <line number="358" hits="1" branch="false"/>
            <line number="359" hits="1" branch="false"/>
            <line number="360" hits="1" branch="false"/>
            <line number="361" hits="1" branch="false"/>
            <line number="362" hits="1" branch="false"/>
            <line number="363" hits="1" branch="false"/>
            <line number="364" hits="1" branch="false"/>
            <line number="365" hits="1" branch="false"/>
            <line number="366" hits="1" branch="false"/>
            <line number="378" hits="0" branch="false"/>
            <line number="379" hits="0" branch="false"/>
            <line number="382" hits="0" branch="false"/>
            <line number="383" hits="0" branch="false"/>
            <line number="384" hits="0" branch="false"/>
            <line number="387" hits="0" branch="false"/>
            <line number="388" hits="0" branch="false"/>
            <line number="390" hits="0" branch="false"/>
            <line number="391" hits="0" branch="false"/>
            <line number="393" hits="0" branch="false"/>
            <line number="394" hits="0" branch="false"/>
            <line number="397" hits="0" branch="false"/>
            <line number="399" hits="0" branch="false"/>
            <line number="400" hits="0" branch="false"/>
            <line number="401" hits="0" branch="false"/>
            <line number="403" hits="0" branch="false"/>
            <line number="404" hits="0" branch="false"/>
            <line number="405" hits="0" branch="false"/>
            <line number="406" hits="0" branch="false"/>
            <line number="407" hits="0" branch="false"/>
            <line number="408" hits="0" branch="false"/>
            <line number="409" hits="0" branch="false"/>
            <line number="410" hits="0" branch="false"/>
            <line number="411" hits="0" branch="false"/>
            <line number="412" hits="0" branch="false"/>
            <line number="415" hits="0" branch="false"/>
            <line number="417" hits="0" branch="false"/>
            <line number="424" hits="0" branch="false"/>
          </lines>
        </class>
        <class name="geom-point-linked.r" filename="R/geom-point-linked.r" line-rate="0.279569892473118" branch-rate="0" complexity="0">
          <methods>
            <method name="geom_point_s" signature="" line-rate="0.866666666666667" branch-rate="0">
              <lines>
                <line number="126" hits="3" branch="false"/>
                <line number="127" hits="1" branch="false"/>
                <line number="128" hits="1" branch="false"/>
                <line number="132" hits="0" branch="false"/>
                <line number="133" hits="0" branch="false"/>
                <line number="134" hits="0" branch="false"/>
                <line number="135" hits="0" branch="false"/>
                <line number="138" hits="2" branch="false"/>
                <line number="139" hits="2" branch="false"/>
                <line number="140" hits="2" branch="false"/>
                <line number="141" hits="2" branch="false"/>
                <line number="142" hits="2" branch="false"/>
                <line number="143" hits="2" branch="false"/>
                <line number="144" hits="2" branch="false"/>
                <line number="145" hits="2" branch="false"/>
                <line number="146" hits="2" branch="false"/>
                <line number="147" hits="2" branch="false"/>
                <line number="148" hits="2" branch="false"/>
                <line number="149" hits="2" branch="false"/>
                <line number="150" hits="2" branch="false"/>
                <line number="151" hits="2" branch="false"/>
                <line number="152" hits="2" branch="false"/>
                <line number="153" hits="2" branch="false"/>
                <line number="154" hits="2" branch="false"/>
                <line number="155" hits="2" branch="false"/>
                <line number="156" hits="2" branch="false"/>
                <line number="157" hits="2" branch="false"/>
                <line number="158" hits="2" branch="false"/>
                <line number="159" hits="2" branch="false"/>
                <line number="160" hits="2" branch="false"/>
              </lines>
            </method>
            <method name="translate_shape_string" signature="" line-rate="0" branch-rate="0">
              <lines>
                <line number="283" hits="0" branch="false"/>
                <line number="284" hits="0" branch="false"/>
                <line number="287" hits="0" branch="false"/>
                <line number="288" hits="0" branch="false"/>
                <line number="289" hits="0" branch="false"/>
                <line number="290" hits="0" branch="false"/>
                <line number="291" hits="0" branch="false"/>
                <line number="292" hits="0" branch="false"/>
                <line number="293" hits="0" branch="false"/>
                <line number="294" hits="0" branch="false"/>
                <line number="295" hits="0" branch="false"/>
                <line number="296" hits="0" branch="false"/>
                <line number="297" hits="0" branch="false"/>
                <line number="298" hits="0" branch="false"/>
                <line number="299" hits="0" branch="false"/>
                <line number="300" hits="0" branch="false"/>
                <line number="301" hits="0" branch="false"/>
                <line number="302" hits="0" branch="false"/>
                <line number="303" hits="0" branch="false"/>
                <line number="304" hits="0" branch="false"/>
                <line number="305" hits="0" branch="false"/>
                <line number="306" hits="0" branch="false"/>
                <line number="307" hits="0" branch="false"/>
                <line number="308" hits="0" branch="false"/>
                <line number="309" hits="0" branch="false"/>
                <line number="310" hits="0" branch="false"/>
                <line number="311" hits="0" branch="false"/>
                <line number="312" hits="0" branch="false"/>
                <line number="313" hits="0" branch="false"/>
                <line number="314" hits="0" branch="false"/>
                <line number="315" hits="0" branch="false"/>
                <line number="317" hits="0" branch="false"/>
                <line number="319" hits="0" branch="false"/>
                <line number="320" hits="0" branch="false"/>
                <line number="322" hits="0" branch="false"/>
                <line number="323" hits="0" branch="false"/>
                <line number="324" hits="0" branch="false"/>
                <line number="326" hits="0" branch="false"/>
                <line number="328" hits="0" branch="false"/>
                <line number="329" hits="0" branch="false"/>
                <line number="330" hits="0" branch="false"/>
                <line number="331" hits="0" branch="false"/>
                <line number="332" hits="0" branch="false"/>
                <line number="334" hits="0" branch="false"/>
                <line number="337" hits="0" branch="false"/>
                <line number="338" hits="0" branch="false"/>
                <line number="339" hits="0" branch="false"/>
                <line number="341" hits="0" branch="false"/>
                <line number="342" hits="0" branch="false"/>
                <line number="343" hits="0" branch="false"/>
                <line number="344" hits="0" branch="false"/>
                <line number="345" hits="0" branch="false"/>
                <line number="347" hits="0" branch="false"/>
                <line number="348" hits="0" branch="false"/>
                <line number="349" hits="0" branch="false"/>
                <line number="350" hits="0" branch="false"/>
                <line number="352" hits="0" branch="false"/>
                <line number="353" hits="0" branch="false"/>
                <line number="354" hits="0" branch="false"/>
                <line number="355" hits="0" branch="false"/>
                <line number="356" hits="0" branch="false"/>
                <line number="358" hits="0" branch="false"/>
                <line number="361" hits="0" branch="false"/>
              </lines>
            </method>
          </methods>
          <lines>
            <line number="126" hits="3" branch="false"/>
            <line number="127" hits="1" branch="false"/>
            <line number="128" hits="1" branch="false"/>
            <line number="132" hits="0" branch="false"/>
            <line number="133" hits="0" branch="false"/>
            <line number="134" hits="0" branch="false"/>
            <line number="135" hits="0" branch="false"/>
            <line number="138" hits="2" branch="false"/>
            <line number="139" hits="2" branch="false"/>
            <line number="140" hits="2" branch="false"/>
            <line number="141" hits="2" branch="false"/>
            <line number="142" hits="2" branch="false"/>
            <line number="143" hits="2" branch="false"/>
            <line number="144" hits="2" branch="false"/>
            <line number="145" hits="2" branch="false"/>
            <line number="146" hits="2" branch="false"/>
            <line number="147" hits="2" branch="false"/>
            <line number="148" hits="2" branch="false"/>
            <line number="149" hits="2" branch="false"/>
            <line number="150" hits="2" branch="false"/>
            <line number="151" hits="2" branch="false"/>
            <line number="152" hits="2" branch="false"/>
            <line number="153" hits="2" branch="false"/>
            <line number="154" hits="2" branch="false"/>
            <line number="155" hits="2" branch="false"/>
            <line number="156" hits="2" branch="false"/>
            <line number="157" hits="2" branch="false"/>
            <line number="158" hits="2" branch="false"/>
            <line number="159" hits="2" branch="false"/>
            <line number="160" hits="2" branch="false"/>
            <line number="283" hits="0" branch="false"/>
            <line number="284" hits="0" branch="false"/>
            <line number="287" hits="0" branch="false"/>
[...]
                <line number="205" hits="0" branch="false"/>
                <line number="208" hits="0" branch="false"/>
                <line number="209" hits="0" branch="false"/>
                <line number="210" hits="0" branch="false"/>
                <line number="212" hits="0" branch="false"/>
                <line number="216" hits="0" branch="false"/>
                <line number="217" hits="0" branch="false"/>
                <line number="219" hits="0" branch="false"/>
                <line number="220" hits="0" branch="false"/>
                <line number="223" hits="0" branch="false"/>
                <line number="224" hits="0" branch="false"/>
                <line number="225" hits="0" branch="false"/>
                <line number="226" hits="0" branch="false"/>
                <line number="227" hits="0" branch="false"/>
                <line number="228" hits="0" branch="false"/>
                <line number="229" hits="0" branch="false"/>
                <line number="230" hits="0" branch="false"/>
                <line number="231" hits="0" branch="false"/>
                <line number="233" hits="0" branch="false"/>
                <line number="236" hits="0" branch="false"/>
                <line number="237" hits="0" branch="false"/>
                <line number="239" hits="0" branch="false"/>
                <line number="240" hits="0" branch="false"/>
                <line number="243" hits="0" branch="false"/>
                <line number="245" hits="0" branch="false"/>
                <line number="246" hits="0" branch="false"/>
                <line number="247" hits="0" branch="false"/>
                <line number="248" hits="0" branch="false"/>
                <line number="249" hits="0" branch="false"/>
                <line number="250" hits="0" branch="false"/>
                <line number="253" hits="0" branch="false"/>
                <line number="254" hits="0" branch="false"/>
                <line number="255" hits="0" branch="false"/>
                <line number="256" hits="0" branch="false"/>
                <line number="257" hits="0" branch="false"/>
                <line number="258" hits="0" branch="false"/>
                <line number="260" hits="0" branch="false"/>
                <line number="262" hits="0" branch="false"/>
                <line number="263" hits="0" branch="false"/>
                <line number="264" hits="0" branch="false"/>
                <line number="267" hits="0" branch="false"/>
                <line number="268" hits="0" branch="false"/>
                <line number="269" hits="0" branch="false"/>
                <line number="270" hits="0" branch="false"/>
                <line number="271" hits="0" branch="false"/>
                <line number="272" hits="0" branch="false"/>
                <line number="273" hits="0" branch="false"/>
                <line number="274" hits="0" branch="false"/>
                <line number="275" hits="0" branch="false"/>
                <line number="276" hits="0" branch="false"/>
                <line number="277" hits="0" branch="false"/>
                <line number="278" hits="0" branch="false"/>
                <line number="279" hits="0" branch="false"/>
              </lines>
            </method>
          </methods>
          <lines>
            <line number="141" hits="1" branch="false"/>
            <line number="142" hits="1" branch="false"/>
            <line number="143" hits="1" branch="false"/>
            <line number="144" hits="1" branch="false"/>
            <line number="145" hits="1" branch="false"/>
            <line number="147" hits="1" branch="false"/>
            <line number="148" hits="1" branch="false"/>
            <line number="149" hits="1" branch="false"/>
            <line number="150" hits="1" branch="false"/>
            <line number="151" hits="1" branch="false"/>
            <line number="152" hits="1" branch="false"/>
            <line number="153" hits="1" branch="false"/>
            <line number="154" hits="1" branch="false"/>
            <line number="155" hits="1" branch="false"/>
            <line number="156" hits="1" branch="false"/>
            <line number="157" hits="1" branch="false"/>
            <line number="158" hits="1" branch="false"/>
            <line number="159" hits="1" branch="false"/>
            <line number="160" hits="1" branch="false"/>
            <line number="161" hits="1" branch="false"/>
            <line number="162" hits="1" branch="false"/>
            <line number="163" hits="1" branch="false"/>
            <line number="180" hits="0" branch="false"/>
            <line number="181" hits="0" branch="false"/>
            <line number="182" hits="0" branch="false"/>
            <line number="183" hits="0" branch="false"/>
            <line number="184" hits="0" branch="false"/>
            <line number="185" hits="0" branch="false"/>
            <line number="186" hits="0" branch="false"/>
            <line number="187" hits="0" branch="false"/>
            <line number="188" hits="0" branch="false"/>
            <line number="189" hits="0" branch="false"/>
            <line number="190" hits="0" branch="false"/>
            <line number="191" hits="0" branch="false"/>
            <line number="192" hits="0" branch="false"/>
            <line number="193" hits="0" branch="false"/>
            <line number="194" hits="0" branch="false"/>
            <line number="196" hits="0" branch="false"/>
            <line number="198" hits="0" branch="false"/>
            <line number="199" hits="0" branch="false"/>
            <line number="201" hits="0" branch="false"/>
            <line number="202" hits="0" branch="false"/>
            <line number="203" hits="0" branch="false"/>
            <line number="205" hits="0" branch="false"/>
            <line number="208" hits="0" branch="false"/>
            <line number="209" hits="0" branch="false"/>
            <line number="210" hits="0" branch="false"/>
            <line number="212" hits="0" branch="false"/>
            <line number="216" hits="0" branch="false"/>
            <line number="217" hits="0" branch="false"/>
            <line number="219" hits="0" branch="false"/>
            <line number="220" hits="0" branch="false"/>
            <line number="223" hits="0" branch="false"/>
            <line number="224" hits="0" branch="false"/>
            <line number="225" hits="0" branch="false"/>
            <line number="226" hits="0" branch="false"/>
            <line number="227" hits="0" branch="false"/>
            <line number="228" hits="0" branch="false"/>
            <line number="229" hits="0" branch="false"/>
            <line number="230" hits="0" branch="false"/>
            <line number="231" hits="0" branch="false"/>
            <line number="233" hits="0" branch="false"/>
            <line number="236" hits="0" branch="false"/>
            <line number="237" hits="0" branch="false"/>
            <line number="239" hits="0" branch="false"/>
            <line number="240" hits="0" branch="false"/>
            <line number="243" hits="0" branch="false"/>
            <line number="245" hits="0" branch="false"/>
            <line number="246" hits="0" branch="false"/>
            <line number="247" hits="0" branch="false"/>
            <line number="248" hits="0" branch="false"/>
            <line number="249" hits="0" branch="false"/>
            <line number="250" hits="0" branch="false"/>
            <line number="253" hits="0" branch="false"/>
            <line number="254" hits="0" branch="false"/>
            <line number="255" hits="0" branch="false"/>
            <line number="256" hits="0" branch="false"/>
            <line number="257" hits="0" branch="false"/>
            <line number="258" hits="0" branch="false"/>
            <line number="260" hits="0" branch="false"/>
            <line number="262" hits="0" branch="false"/>
            <line number="263" hits="0" branch="false"/>
            <line number="264" hits="0" branch="false"/>
            <line number="267" hits="0" branch="false"/>
            <line number="268" hits="0" branch="false"/>
            <line number="269" hits="0" branch="false"/>
            <line number="270" hits="0" branch="false"/>
            <line number="271" hits="0" branch="false"/>
            <line number="272" hits="0" branch="false"/>
            <line number="273" hits="0" branch="false"/>
            <line number="274" hits="0" branch="false"/>
            <line number="275" hits="0" branch="false"/>
            <line number="276" hits="0" branch="false"/>
            <line number="277" hits="0" branch="false"/>
            <line number="278" hits="0" branch="false"/>
            <line number="279" hits="0" branch="false"/>
          </lines>
        </class>
        <class name="try-data-frame.R" filename="R/try-data-frame.R" line-rate="0.516666666666667" branch-rate="0" complexity="0">
          <methods>
            <method name="try_data_frame" signature="" line-rate="0.581395348837209" branch-rate="0">
              <lines>
                <line number="58" hits="8" branch="false"/>
                <line number="59" hits="0" branch="false"/>
                <line number="61" hits="8" branch="false"/>
                <line number="62" hits="8" branch="false"/>
                <line number="63" hits="0" branch="false"/>
                <line number="65" hits="8" branch="false"/>
                <line number="66" hits="0" branch="false"/>
                <line number="68" hits="8" branch="false"/>
                <line number="69" hits="8" branch="false"/>
                <line number="71" hits="8" branch="false"/>
                <line number="72" hits="8" branch="false"/>
                <line number="73" hits="6" branch="false"/>
                <line number="74" hits="0" branch="false"/>
                <line number="75" hits="6" branch="false"/>
                <line number="76" hits="0" branch="false"/>
                <line number="77" hits="6" branch="false"/>
                <line number="78" hits="0" branch="false"/>
                <line number="79" hits="0" branch="false"/>
                <line number="81" hits="6" branch="false"/>
                <line number="83" hits="6" branch="false"/>
                <line number="85" hits="2" branch="false"/>
                <line number="86" hits="2" branch="false"/>
                <line number="87" hits="0" branch="false"/>
                <line number="88" hits="0" branch="false"/>
                <line number="89" hits="0" branch="false"/>
                <line number="90" hits="0" branch="false"/>
                <line number="91" hits="0" branch="false"/>
                <line number="92" hits="0" branch="false"/>
                <line number="93" hits="0" branch="false"/>
                <line number="95" hits="0" branch="false"/>
                <line number="97" hits="2" branch="false"/>
                <line number="98" hits="0" branch="false"/>
                <line number="100" hits="2" branch="false"/>
                <line number="101" hits="2" branch="false"/>
                <line number="104" hits="8" branch="false"/>
                <line number="105" hits="8" branch="false"/>
                <line number="107" hits="0" branch="false"/>
                <line number="110" hits="8" branch="false"/>
                <line number="111" hits="8" branch="false"/>
                <line number="112" hits="8" branch="false"/>
                <line number="113" hits="0" branch="false"/>
                <line number="115" hits="8" branch="false"/>
                <line number="117" hits="8" branch="false"/>
              </lines>
            </method>
            <method name="try_tibble" signature="" line-rate="1" branch-rate="0">
              <lines>
                <line number="127" hits="4" branch="false"/>
                <line number="128" hits="4" branch="false"/>
                <line number="129" hits="4" branch="false"/>
                <line number="130" hits="4" branch="false"/>
                <line number="131" hits="4" branch="false"/>
                <line number="132" hits="4" branch="false"/>
              </lines>
            </method>
            <method name="ggplot.xts" signature="" line-rate="0" branch-rate="0">
              <lines>
                <line number="203" hits="0" branch="false"/>
                <line number="204" hits="0" branch="false"/>
                <line number="205" hits="0" branch="false"/>
                <line number="206" hits="0" branch="false"/>
                <line number="207" hits="0" branch="false"/>
                <line number="208" hits="0" branch="false"/>
                <line number="209" hits="0" branch="false"/>
                <line number="211" hits="0" branch="false"/>
                <line number="212" hits="0" branch="false"/>
                <line number="213" hits="0" branch="false"/>
                <line number="214" hits="0" branch="false"/>
              </lines>
            </method>
          </methods>
          <lines>
            <line number="58" hits="8" branch="false"/>
            <line number="59" hits="0" branch="false"/>
            <line number="61" hits="8" branch="false"/>
            <line number="62" hits="8" branch="false"/>
            <line number="63" hits="0" branch="false"/>
            <line number="65" hits="8" branch="false"/>
            <line number="66" hits="0" branch="false"/>
            <line number="68" hits="8" branch="false"/>
            <line number="69" hits="8" branch="false"/>
            <line number="71" hits="8" branch="false"/>
            <line number="72" hits="8" branch="false"/>
            <line number="73" hits="6" branch="false"/>
            <line number="74" hits="0" branch="false"/>
            <line number="75" hits="6" branch="false"/>
            <line number="76" hits="0" branch="false"/>
            <line number="77" hits="6" branch="false"/>
            <line number="78" hits="0" branch="false"/>
            <line number="79" hits="0" branch="false"/>
            <line number="81" hits="6" branch="false"/>
            <line number="83" hits="6" branch="false"/>
            <line number="85" hits="2" branch="false"/>
            <line number="86" hits="2" branch="false"/>
            <line number="87" hits="0" branch="false"/>
            <line number="88" hits="0" branch="false"/>
            <line number="89" hits="0" branch="false"/>
            <line number="90" hits="0" branch="false"/>
            <line number="91" hits="0" branch="false"/>
            <line number="92" hits="0" branch="false"/>
            <line number="93" hits="0" branch="false"/>
            <line number="95" hits="0" branch="false"/>
            <line number="97" hits="2" branch="false"/>
            <line number="98" hits="0" branch="false"/>
            <line number="100" hits="2" branch="false"/>
            <line number="101" hits="2" branch="false"/>
            <line number="104" hits="8" branch="false"/>
            <line number="105" hits="8" branch="false"/>
            <line number="107" hits="0" branch="false"/>
            <line number="110" hits="8" branch="false"/>
            <line number="111" hits="8" branch="false"/>
            <line number="112" hits="8" branch="false"/>
            <line number="113" hits="0" branch="false"/>
            <line number="115" hits="8" branch="false"/>
            <line number="117" hits="8" branch="false"/>
            <line number="127" hits="4" branch="false"/>
            <line number="128" hits="4" branch="false"/>
            <line number="129" hits="4" branch="false"/>
            <line number="130" hits="4" branch="false"/>
            <line number="131" hits="4" branch="false"/>
            <line number="132" hits="4" branch="false"/>
            <line number="203" hits="0" branch="false"/>
            <line number="204" hits="0" branch="false"/>
            <line number="205" hits="0" branch="false"/>
            <line number="206" hits="0" branch="false"/>
            <line number="207" hits="0" branch="false"/>
            <line number="208" hits="0" branch="false"/>
            <line number="209" hits="0" branch="false"/>
            <line number="211" hits="0" branch="false"/>
            <line number="212" hits="0" branch="false"/>
            <line number="213" hits="0" branch="false"/>
            <line number="214" hits="0" branch="false"/>
          </lines>
        </class>
        <class name="utilities.R" filename="R/utilities.R" line-rate="0" branch-rate="0" complexity="0">
          <methods>
            <method name="ggname" signature="" line-rate="0" branch-rate="0">
              <lines>
                <line number="8" hits="0" branch="false"/>
                <line number="9" hits="0" branch="false"/>
              </lines>
            </method>
            <method name="%||%" signature="" line-rate="0" branch-rate="0">
              <lines>
                <line number="15" hits="0" branch="false"/>
              </lines>
            </method>
            <method name="not_empty" signature="" line-rate="0" branch-rate="0">
              <lines>
                <line number="25" hits="0" branch="false"/>
                <line number="26" hits="0" branch="false"/>
                <line number="27" hits="0" branch="false"/>
                <line number="28" hits="0" branch="false"/>
                <line number="29" hits="0" branch="false"/>
                <line number="30" hits="0" branch="false"/>
                <line number="31" hits="0" branch="false"/>
              </lines>
            </method>
            <method name="to_unit" signature="" line-rate="0" branch-rate="0">
              <lines>
                <line number="42" hits="0" branch="false"/>
                <line number="43" hits="0" branch="false"/>
                <line number="47" hits="0" branch="false"/>
                <line number="48" hits="0" branch="false"/>
                <line number="51" hits="0" branch="false"/>
              </lines>
            </method>
            <method name="parse_safe" signature="" line-rate="0" branch-rate="0">
              <lines>
                <line number="65" hits="0" branch="false"/>
                <line number="66" hits="0" branch="false"/>
                <line number="67" hits="0" branch="false"/>
                <line number="68" hits="0" branch="false"/>
                <line number="69" hits="0" branch="false"/>
                <line number="71" hits="0" branch="false"/>
              </lines>
            </method>
          </methods>
          <lines>
            <line number="8" hits="0" branch="false"/>
            <line number="9" hits="0" branch="false"/>
            <line number="15" hits="0" branch="false"/>
            <line number="25" hits="0" branch="false"/>
            <line number="26" hits="0" branch="false"/>
            <line number="27" hits="0" branch="false"/>
            <line number="28" hits="0" branch="false"/>
            <line number="29" hits="0" branch="false"/>
            <line number="30" hits="0" branch="false"/>
            <line number="31" hits="0" branch="false"/>
            <line number="42" hits="0" branch="false"/>
            <line number="43" hits="0" branch="false"/>
            <line number="47" hits="0" branch="false"/>
            <line number="48" hits="0" branch="false"/>
            <line number="51" hits="0" branch="false"/>
            <line number="65" hits="0" branch="false"/>
            <line number="66" hits="0" branch="false"/>
            <line number="67" hits="0" branch="false"/>
            <line number="68" hits="0" branch="false"/>
            <line number="69" hits="0" branch="false"/>
            <line number="71" hits="0" branch="false"/>
          </lines>
        </class>
      </classes>
    </package>
  </packages>
</coverage>
