<?xml version="1.0" encoding="UTF-8"?>
<coverage line-rate="0.75" branch-rate="0" lines-covered="1194" lines-valid="1592" branches-covered="0" branches-valid="0" complexity="0" version="3.6.1" timestamp="2023-02-14 21:25:32">
  <sources/>
  <packages>
    <package name="ggpp" line-rate="0.75" branch-rate="0" complexity="0">
      <classes>
        <class name="annotate.r" filename="R/annotate.r" line-rate="0.759259259259259" branch-rate="0" complexity="0">
          <methods>
            <method name="annotate" signature="" line-rate="0.759259259259259" branch-rate="0">
              <lines>
                <line number="75" hits="3" branch="false"/>
                <line number="76" hits="3" branch="false"/>
                <line number="77" hits="3" branch="false"/>
                <line number="78" hits="3" branch="false"/>
                <line number="79" hits="3" branch="false"/>
                <line number="81" hits="3" branch="false"/>
                <line number="82" hits="3" branch="false"/>
                <line number="83" hits="0" branch="false"/>
                <line number="84" hits="3" branch="false"/>
                <line number="85" hits="3" branch="false"/>
                <line number="86" hits="3" branch="false"/>
                <line number="87" hits="0" branch="false"/>
                <line number="88" hits="0" branch="false"/>
                <line number="89" hits="0" branch="false"/>
                <line number="90" hits="3" branch="false"/>
                <line number="91" hits="3" branch="false"/>
                <line number="92" hits="3" branch="false"/>
                <line number="93" hits="3" branch="false"/>
                <line number="94" hits="0" branch="false"/>
                <line number="95" hits="0" branch="false"/>
                <line number="96" hits="3" branch="false"/>
                <line number="97" hits="0" branch="false"/>
                <line number="98" hits="3" branch="false"/>
                <line number="99" hits="3" branch="false"/>
                <line number="100" hits="3" branch="false"/>
                <line number="102" hits="3" branch="false"/>
                <line number="103" hits="0" branch="false"/>
                <line number="105" hits="3" branch="false"/>
                <line number="106" hits="3" branch="false"/>
                <line number="107" hits="3" branch="false"/>
                <line number="108" hits="3" branch="false"/>
                <line number="109" hits="3" branch="false"/>
                <line number="110" hits="3" branch="false"/>
                <line number="111" hits="3" branch="false"/>
                <line number="112" hits="3" branch="false"/>
                <line number="113" hits="3" branch="false"/>
                <line number="114" hits="3" branch="false"/>
                <line number="115" hits="3" branch="false"/>
                <line number="116" hits="3" branch="false"/>
                <line number="117" hits="3" branch="false"/>
                <line number="118" hits="3" branch="false"/>
                <line number="119" hits="3" branch="false"/>
                <line number="120" hits="0" branch="false"/>
                <line number="122" hits="3" branch="false"/>
                <line number="123" hits="0" branch="false"/>
                <line number="124" hits="0" branch="false"/>
                <line number="125" hits="0" branch="false"/>
                <line number="126" hits="0" branch="false"/>
                <line number="128" hits="3" branch="false"/>
                <line number="129" hits="3" branch="false"/>
                <line number="130" hits="3" branch="false"/>
                <line number="131" hits="3" branch="false"/>
                <line number="132" hits="3" branch="false"/>
                <line number="133" hits="3" branch="false"/>
              </lines>
            </method>
          </methods>
          <lines>
            <line number="75" hits="3" branch="false"/>
            <line number="76" hits="3" branch="false"/>
            <line number="77" hits="3" branch="false"/>
            <line number="78" hits="3" branch="false"/>
            <line number="79" hits="3" branch="false"/>
            <line number="81" hits="3" branch="false"/>
            <line number="82" hits="3" branch="false"/>
            <line number="83" hits="0" branch="false"/>
            <line number="84" hits="3" branch="false"/>
            <line number="85" hits="3" branch="false"/>
            <line number="86" hits="3" branch="false"/>
            <line number="87" hits="0" branch="false"/>
            <line number="88" hits="0" branch="false"/>
            <line number="89" hits="0" branch="false"/>
            <line number="90" hits="3" branch="false"/>
            <line number="91" hits="3" branch="false"/>
            <line number="92" hits="3" branch="false"/>
            <line number="93" hits="3" branch="false"/>
            <line number="94" hits="0" branch="false"/>
            <line number="95" hits="0" branch="false"/>
            <line number="96" hits="3" branch="false"/>
            <line number="97" hits="0" branch="false"/>
            <line number="98" hits="3" branch="false"/>
            <line number="99" hits="3" branch="false"/>
            <line number="100" hits="3" branch="false"/>
            <line number="102" hits="3" branch="false"/>
            <line number="103" hits="0" branch="false"/>
            <line number="105" hits="3" branch="false"/>
            <line number="106" hits="3" branch="false"/>
            <line number="107" hits="3" branch="false"/>
            <line number="108" hits="3" branch="false"/>
            <line number="109" hits="3" branch="false"/>
            <line number="110" hits="3" branch="false"/>
            <line number="111" hits="3" branch="false"/>
            <line number="112" hits="3" branch="false"/>
            <line number="113" hits="3" branch="false"/>
            <line number="114" hits="3" branch="false"/>
            <line number="115" hits="3" branch="false"/>
            <line number="116" hits="3" branch="false"/>
            <line number="117" hits="3" branch="false"/>
            <line number="118" hits="3" branch="false"/>
            <line number="119" hits="3" branch="false"/>
            <line number="120" hits="0" branch="false"/>
            <line number="122" hits="3" branch="false"/>
            <line number="123" hits="0" branch="false"/>
            <line number="124" hits="0" branch="false"/>
            <line number="125" hits="0" branch="false"/>
            <line number="126" hits="0" branch="false"/>
            <line number="128" hits="3" branch="false"/>
            <line number="129" hits="3" branch="false"/>
            <line number="130" hits="3" branch="false"/>
            <line number="131" hits="3" branch="false"/>
            <line number="132" hits="3" branch="false"/>
            <line number="133" hits="3" branch="false"/>
          </lines>
        </class>
        <class name="compute-npc.r" filename="R/compute-npc.r" line-rate="1" branch-rate="0" complexity="0">
          <methods>
            <method name="compute_npcx" signature="" line-rate="1" branch-rate="0">
              <lines>
                <line number="52" hits="22" branch="false"/>
                <line number="53" hits="22" branch="false"/>
                <line number="54" hits="1" branch="false"/>
                <line number="56" hits="22" branch="false"/>
                <line number="58" hits="11" branch="false"/>
                <line number="59" hits="11" branch="false"/>
                <line number="60" hits="11" branch="false"/>
                <line number="61" hits="11" branch="false"/>
                <line number="62" hits="11" branch="false"/>
                <line number="63" hits="11" branch="false"/>
                <line number="64" hits="11" branch="false"/>
                <line number="66" hits="22" branch="false"/>
                <line number="67" hits="22" branch="false"/>
                <line number="68" hits="22" branch="false"/>
                <line number="69" hits="22" branch="false"/>
                <line number="70" hits="22" branch="false"/>
                <line number="72" hits="22" branch="false"/>
                <line number="73" hits="21" branch="false"/>
                <line number="75" hits="22" branch="false"/>
                <line number="76" hits="22" branch="false"/>
                <line number="77" hits="22" branch="false"/>
              </lines>
            </method>
            <method name="compute_npcy" signature="" line-rate="1" branch-rate="0">
              <lines>
                <line number="89" hits="22" branch="false"/>
                <line number="90" hits="22" branch="false"/>
                <line number="91" hits="1" branch="false"/>
                <line number="93" hits="22" branch="false"/>
                <line number="95" hits="11" branch="false"/>
                <line number="96" hits="11" branch="false"/>
                <line number="97" hits="11" branch="false"/>
                <line number="98" hits="11" branch="false"/>
                <line number="99" hits="11" branch="false"/>
                <line number="100" hits="11" branch="false"/>
                <line number="101" hits="11" branch="false"/>
                <line number="103" hits="22" branch="false"/>
                <line number="104" hits="22" branch="false"/>
                <line number="105" hits="24" branch="false"/>
                <line number="106" hits="24" branch="false"/>
                <line number="107" hits="24" branch="false"/>
                <line number="109" hits="22" branch="false"/>
                <line number="110" hits="2" branch="false"/>
                <line number="112" hits="22" branch="false"/>
                <line number="113" hits="22" branch="false"/>
                <line number="114" hits="22" branch="false"/>
              </lines>
            </method>
          </methods>
          <lines>
            <line number="52" hits="22" branch="false"/>
            <line number="53" hits="22" branch="false"/>
            <line number="54" hits="1" branch="false"/>
            <line number="56" hits="22" branch="false"/>
            <line number="58" hits="11" branch="false"/>
            <line number="59" hits="11" branch="false"/>
            <line number="60" hits="11" branch="false"/>
            <line number="61" hits="11" branch="false"/>
            <line number="62" hits="11" branch="false"/>
            <line number="63" hits="11" branch="false"/>
            <line number="64" hits="11" branch="false"/>
            <line number="66" hits="22" branch="false"/>
            <line number="67" hits="22" branch="false"/>
            <line number="68" hits="22" branch="false"/>
            <line number="69" hits="22" branch="false"/>
            <line number="70" hits="22" branch="false"/>
            <line number="72" hits="22" branch="false"/>
            <line number="73" hits="21" branch="false"/>
            <line number="75" hits="22" branch="false"/>
            <line number="76" hits="22" branch="false"/>
            <line number="77" hits="22" branch="false"/>
            <line number="89" hits="22" branch="false"/>
            <line number="90" hits="22" branch="false"/>
            <line number="91" hits="1" branch="false"/>
            <line number="93" hits="22" branch="false"/>
            <line number="95" hits="11" branch="false"/>
            <line number="96" hits="11" branch="false"/>
            <line number="97" hits="11" branch="false"/>
            <line number="98" hits="11" branch="false"/>
            <line number="99" hits="11" branch="false"/>
            <line number="100" hits="11" branch="false"/>
            <line number="101" hits="11" branch="false"/>
            <line number="103" hits="22" branch="false"/>
            <line number="104" hits="22" branch="false"/>
            <line number="105" hits="24" branch="false"/>
            <line number="106" hits="24" branch="false"/>
            <line number="107" hits="24" branch="false"/>
            <line number="109" hits="22" branch="false"/>
            <line number="110" hits="2" branch="false"/>
            <line number="112" hits="22" branch="false"/>
            <line number="113" hits="22" branch="false"/>
            <line number="114" hits="22" branch="false"/>
          </lines>
        </class>
        <class name="dark-or-light.R" filename="R/dark-or-light.R" line-rate="0.9" branch-rate="0" complexity="0">
          <methods>
            <method name="dark_or_light" signature="" line-rate="0.9" branch-rate="0">
              <lines>
                <line number="30" hits="7" branch="false"/>
                <line number="31" hits="0" branch="false"/>
                <line number="32" hits="7" branch="false"/>
                <line number="33" hits="7" branch="false"/>
                <line number="34" hits="7" branch="false"/>
                <line number="35" hits="7" branch="false"/>
                <line number="36" hits="7" branch="false"/>
                <line number="37" hits="7" branch="false"/>
                <line number="38" hits="7" branch="false"/>
                <line number="39" hits="7" branch="false"/>
              </lines>
            </method>
          </methods>
          <lines>
            <line number="30" hits="7" branch="false"/>
            <line number="31" hits="0" branch="false"/>
            <line number="32" hits="7" branch="false"/>
            <line number="33" hits="7" branch="false"/>
            <line number="34" hits="7" branch="false"/>
            <line number="35" hits="7" branch="false"/>
            <line number="36" hits="7" branch="false"/>
            <line number="37" hits="7" branch="false"/>
            <line number="38" hits="7" branch="false"/>
            <line number="39" hits="7" branch="false"/>
          </lines>
        </class>
        <class name="geom-grob.R" filename="R/geom-grob.R" line-rate="1" branch-rate="0" complexity="0">
          <methods>
            <method name="geom_grob" signature="" line-rate="1" branch-rate="0">
              <lines>
                <line number="172" hits="4" branch="false"/>
                <line number="173" hits="3" branch="false"/>
                <line number="174" hits="1" branch="false"/>
                <line number="177" hits="2" branch="false"/>
                <line number="178" hits="2" branch="false"/>
                <line number="181" hits="3" branch="false"/>
                <line number="182" hits="3" branch="false"/>
                <line number="183" hits="3" branch="false"/>
                <line number="184" hits="3" branch="false"/>
                <line number="185" hits="3" branch="false"/>
                <line number="186" hits="3" branch="false"/>
                <line number="187" hits="3" branch="false"/>
                <line number="188" hits="3" branch="false"/>
                <line number="189" hits="3" branch="false"/>
                <line number="190" hits="3" branch="false"/>
                <line number="191" hits="3" branch="false"/>
                <line number="192" hits="3" branch="false"/>
                <line number="193" hits="3" branch="false"/>
                <line number="194" hits="3" branch="false"/>
                <line number="195" hits="3" branch="false"/>
                <line number="196" hits="3" branch="false"/>
                <line number="197" hits="3" branch="false"/>
                <line number="198" hits="3" branch="false"/>
                <line number="199" hits="3" branch="false"/>
                <line number="200" hits="3" branch="false"/>
                <line number="201" hits="3" branch="false"/>
                <line number="202" hits="3" branch="false"/>
                <line number="203" hits="3" branch="false"/>
              </lines>
            </method>
            <method name="geom_grob_npc" signature="" line-rate="1" branch-rate="0">
              <lines>
                <line number="356" hits="1" branch="false"/>
                <line number="357" hits="1" branch="false"/>
                <line number="358" hits="1" branch="false"/>
                <line number="359" hits="1" branch="false"/>
                <line number="360" hits="1" branch="false"/>
                <line number="361" hits="1" branch="false"/>
                <line number="362" hits="1" branch="false"/>
                <line number="363" hits="1" branch="false"/>
                <line number="364" hits="1" branch="false"/>
                <line number="365" hits="1" branch="false"/>
                <line number="366" hits="1" branch="false"/>
                <line number="367" hits="1" branch="false"/>
                <line number="368" hits="1" branch="false"/>
              </lines>
            </method>
          </methods>
          <lines>
            <line number="172" hits="4" branch="false"/>
            <line number="173" hits="3" branch="false"/>
            <line number="174" hits="1" branch="false"/>
            <line number="177" hits="2" branch="false"/>
            <line number="178" hits="2" branch="false"/>
            <line number="181" hits="3" branch="false"/>
            <line number="182" hits="3" branch="false"/>
            <line number="183" hits="3" branch="false"/>
            <line number="184" hits="3" branch="false"/>
            <line number="185" hits="3" branch="false"/>
            <line number="186" hits="3" branch="false"/>
            <line number="187" hits="3" branch="false"/>
            <line number="188" hits="3" branch="false"/>
            <line number="189" hits="3" branch="false"/>
            <line number="190" hits="3" branch="false"/>
            <line number="191" hits="3" branch="false"/>
            <line number="192" hits="3" branch="false"/>
            <line number="193" hits="3" branch="false"/>
            <line number="194" hits="3" branch="false"/>
            <line number="195" hits="3" branch="false"/>
            <line number="196" hits="3" branch="false"/>
            <line number="197" hits="3" branch="false"/>
            <line number="198" hits="3" branch="false"/>
            <line number="199" hits="3" branch="false"/>
            <line number="200" hits="3" branch="false"/>
            <line number="201" hits="3" branch="false"/>
            <line number="202" hits="3" branch="false"/>
            <line number="203" hits="3" branch="false"/>
            <line number="356" hits="1" branch="false"/>
            <line number="357" hits="1" branch="false"/>
            <line number="358" hits="1" branch="false"/>
            <line number="359" hits="1" branch="false"/>
            <line number="360" hits="1" branch="false"/>
            <line number="361" hits="1" branch="false"/>
            <line number="362" hits="1" branch="false"/>
            <line number="363" hits="1" branch="false"/>
            <line number="364" hits="1" branch="false"/>
            <line number="365" hits="1" branch="false"/>
            <line number="366" hits="1" branch="false"/>
            <line number="367" hits="1" branch="false"/>
            <line number="368" hits="1" branch="false"/>
          </lines>
        </class>
        <class name="geom-label-linked.r" filename="R/geom-label-linked.r" line-rate="0.789473684210526" branch-rate="0" complexity="0">
          <methods>
            <method name="geom_label_s" signature="" line-rate="1" branch-rate="0">
              <lines>
                <line number="32" hits="2" branch="false"/>
                <line number="33" hits="2" branch="false"/>
                <line number="34" hits="1" branch="false"/>
                <line number="37" hits="1" branch="false"/>
                <line number="40" hits="1" branch="false"/>
                <line number="41" hits="1" branch="false"/>
                <line number="42" hits="1" branch="false"/>
                <line number="43" hits="1" branch="false"/>
                <line number="44" hits="1" branch="false"/>
                <line number="45" hits="1" branch="false"/>
                <line number="46" hits="1" branch="false"/>
                <line number="47" hits="1" branch="false"/>
                <line number="48" hits="1" branch="false"/>
                <line number="49" hits="1" branch="false"/>
                <line number="50" hits="1" branch="false"/>
                <line number="51" hits="1" branch="false"/>
                <line number="52" hits="1" branch="false"/>
                <line number="53" hits="1" branch="false"/>
                <line number="54" hits="1" branch="false"/>
                <line number="55" hits="1" branch="false"/>
                <line number="56" hits="1" branch="false"/>
                <line number="57" hits="1" branch="false"/>
                <line number="58" hits="1" branch="false"/>
                <line number="59" hits="1" branch="false"/>
                <line number="60" hits="1" branch="false"/>
                <line number="61" hits="1" branch="false"/>
                <line number="62" hits="1" branch="false"/>
                <line number="63" hits="1" branch="false"/>
                <line number="64" hits="1" branch="false"/>
                <line number="65" hits="1" branch="false"/>
              </lines>
            </method>
            <method name="labelGrob" signature="" line-rate="0" branch-rate="0">
              <lines>
                <line number="239" hits="0" branch="false"/>
                <line number="240" hits="0" branch="false"/>
                <line number="243" hits="0" branch="false"/>
                <line number="244" hits="0" branch="false"/>
                <line number="245" hits="0" branch="false"/>
                <line number="246" hits="0" branch="false"/>
                <line number="248" hits="0" branch="false"/>
                <line number="249" hits="0" branch="false"/>
              </lines>
            </method>
          </methods>
          <lines>
            <line number="32" hits="2" branch="false"/>
            <line number="33" hits="2" branch="false"/>
            <line number="34" hits="1" branch="false"/>
            <line number="37" hits="1" branch="false"/>
            <line number="40" hits="1" branch="false"/>
            <line number="41" hits="1" branch="false"/>
            <line number="42" hits="1" branch="false"/>
            <line number="43" hits="1" branch="false"/>
            <line number="44" hits="1" branch="false"/>
            <line number="45" hits="1" branch="false"/>
            <line number="46" hits="1" branch="false"/>
            <line number="47" hits="1" branch="false"/>
            <line number="48" hits="1" branch="false"/>
            <line number="49" hits="1" branch="false"/>
            <line number="50" hits="1" branch="false"/>
            <line number="51" hits="1" branch="false"/>
            <line number="52" hits="1" branch="false"/>
            <line number="53" hits="1" branch="false"/>
            <line number="54" hits="1" branch="false"/>
            <line number="55" hits="1" branch="false"/>
            <line number="56" hits="1" branch="false"/>
            <line number="57" hits="1" branch="false"/>
            <line number="58" hits="1" branch="false"/>
            <line number="59" hits="1" branch="false"/>
            <line number="60" hits="1" branch="false"/>
            <line number="61" hits="1" branch="false"/>
            <line number="62" hits="1" branch="false"/>
            <line number="63" hits="1" branch="false"/>
            <line number="64" hits="1" branch="false"/>
            <line number="65" hits="1" branch="false"/>
            <line number="239" hits="0" branch="false"/>
            <line number="240" hits="0" branch="false"/>
            <line number="243" hits="0" branch="false"/>
            <line number="244" hits="0" branch="false"/>
            <line number="245" hits="0" branch="false"/>
            <line number="246" hits="0" branch="false"/>
            <line number="248" hits="0" branch="false"/>
            <line number="249" hits="0" branch="false"/>
          </lines>
        </class>
        <class name="geom-label-npc.r" filename="R/geom-label-npc.r" line-rate="0.954545454545455" branch-rate="0" complexity="0">
          <methods>
            <method name="geom_label_npc" signature="" line-rate="0.954545454545455" branch-rate="0">
              <lines>
                <line number="20" hits="3" branch="false"/>
                <line number="21" hits="1" branch="false"/>
                <line number="22" hits="1" branch="false"/>
                <line number="23" hits="1" branch="false"/>
                <line number="25" hits="0" branch="false"/>
                <line number="28" hits="2" branch="false"/>
                <line number="29" hits="2" branch="false"/>
                <line number="30" hits="2" branch="false"/>
                <line number="31" hits="2" branch="false"/>
                <line number="32" hits="2" branch="false"/>
                <line number="33" hits="2" branch="false"/>
                <line number="34" hits="2" branch="false"/>
                <line number="35" hits="2" branch="false"/>
                <line number="36" hits="2" branch="false"/>
                <line number="37" hits="2" branch="false"/>
                <line number="38" hits="2" branch="false"/>
                <line number="39" hits="2" branch="false"/>
                <line number="40" hits="2" branch="false"/>
                <line number="41" hits="2" branch="false"/>
                <line number="42" hits="2" branch="false"/>
                <line number="43" hits="2" branch="false"/>
                <line number="44" hits="2" branch="false"/>
              </lines>
            </method>
          </methods>
          <lines>
            <line number="20" hits="3" branch="false"/>
            <line number="21" hits="1" branch="false"/>
            <line number="22" hits="1" branch="false"/>
            <line number="23" hits="1" branch="false"/>
            <line number="25" hits="0" branch="false"/>
            <line number="28" hits="2" branch="false"/>
            <line number="29" hits="2" branch="false"/>
            <line number="30" hits="2" branch="false"/>
            <line number="31" hits="2" branch="false"/>
            <line number="32" hits="2" branch="false"/>
            <line number="33" hits="2" branch="false"/>
            <line number="34" hits="2" branch="false"/>
            <line number="35" hits="2" branch="false"/>
            <line number="36" hits="2" branch="false"/>
            <line number="37" hits="2" branch="false"/>
            <line number="38" hits="2" branch="false"/>
            <line number="39" hits="2" branch="false"/>
            <line number="40" hits="2" branch="false"/>
            <line number="41" hits="2" branch="false"/>
            <line number="42" hits="2" branch="false"/>
            <line number="43" hits="2" branch="false"/>
            <line number="44" hits="2" branch="false"/>
          </lines>
        </class>
        <class name="geom-margin-arrow.r" filename="R/geom-margin-arrow.r" line-rate="1" branch-rate="0" complexity="0">
          <methods>
            <method name="geom_x_margin_arrow" signature="" line-rate="1" branch-rate="0">
              <lines>
                <line number="67" hits="3" branch="false"/>
                <line number="68" hits="1" branch="false"/>
                <line number="69" hits="1" branch="false"/>
                <line number="70" hits="1" branch="false"/>
                <line number="73" hits="3" branch="false"/>
                <line number="74" hits="3" branch="false"/>
                <line number="75" hits="3" branch="false"/>
                <line number="76" hits="3" branch="false"/>
                <line number="77" hits="3" branch="false"/>
                <line number="78" hits="3" branch="false"/>
                <line number="79" hits="3" branch="false"/>
                <line number="80" hits="3" branch="false"/>
                <line number="81" hits="3" branch="false"/>
                <line number="82" hits="3" branch="false"/>
                <line number="83" hits="3" branch="false"/>
                <line number="84" hits="3" branch="false"/>
                <line number="85" hits="3" branch="false"/>
                <line number="86" hits="3" branch="false"/>
                <line number="87" hits="3" branch="false"/>
              </lines>
            </method>
            <method name="geom_y_margin_arrow" signature="" line-rate="1" branch-rate="0">
              <lines>
                <line number="184" hits="3" branch="false"/>
                <line number="185" hits="1" branch="false"/>
                <line number="186" hits="1" branch="false"/>
                <line number="187" hits="1" branch="false"/>
                <line number="190" hits="3" branch="false"/>
                <line number="191" hits="3" branch="false"/>
                <line number="192" hits="3" branch="false"/>
                <line number="193" hits="3" branch="false"/>
                <line number="194" hits="3" branch="false"/>
                <line number="195" hits="3" branch="false"/>
                <line number="196" hits="3" branch="false"/>
                <line number="197" hits="3" branch="false"/>
                <line number="198" hits="3" branch="false"/>
                <line number="199" hits="3" branch="false"/>
                <line number="200" hits="3" branch="false"/>
                <line number="201" hits="3" branch="false"/>
                <line number="202" hits="3" branch="false"/>
                <line number="203" hits="3" branch="false"/>
                <line number="204" hits="3" branch="false"/>
              </lines>
            </method>
          </methods>
          <lines>
            <line number="67" hits="3" branch="false"/>
            <line number="68" hits="1" branch="false"/>
            <line number="69" hits="1" branch="false"/>
            <line number="70" hits="1" branch="false"/>
            <line number="73" hits="3" branch="false"/>
            <line number="74" hits="3" branch="false"/>
            <line number="75" hits="3" branch="false"/>
            <line number="76" hits="3" branch="false"/>
            <line number="77" hits="3" branch="false"/>
            <line number="78" hits="3" branch="false"/>
            <line number="79" hits="3" branch="false"/>
            <line number="80" hits="3" branch="false"/>
            <line number="81" hits="3" branch="false"/>
            <line number="82" hits="3" branch="false"/>
            <line number="83" hits="3" branch="false"/>
            <line number="84" hits="3" branch="false"/>
            <line number="85" hits="3" branch="false"/>
            <line number="86" hits="3" branch="false"/>
            <line number="87" hits="3" branch="false"/>
            <line number="184" hits="3" branch="false"/>
            <line number="185" hits="1" branch="false"/>
            <line number="186" hits="1" branch="false"/>
            <line number="187" hits="1" branch="false"/>
            <line number="190" hits="3" branch="false"/>
            <line number="191" hits="3" branch="false"/>
            <line number="192" hits="3" branch="false"/>
            <line number="193" hits="3" branch="false"/>
            <line number="194" hits="3" branch="false"/>
            <line number="195" hits="3" branch="false"/>
            <line number="196" hits="3" branch="false"/>
            <line number="197" hits="3" branch="false"/>
            <line number="198" hits="3" branch="false"/>
            <line number="199" hits="3" branch="false"/>
            <line number="200" hits="3" branch="false"/>
            <line number="201" hits="3" branch="false"/>
            <line number="202" hits="3" branch="false"/>
            <line number="203" hits="3" branch="false"/>
            <line number="204" hits="3" branch="false"/>
          </lines>
        </class>
        <class name="geom-margin-grob.r" filename="R/geom-margin-grob.r" line-rate="0.842105263157895" branch-rate="0" complexity="0">
          <methods>
            <method name="geom_x_margin_grob" signature="" line-rate="0.842105263157895" branch-rate="0">
              <lines>
                <line number="70" hits="1" branch="false"/>
                <line number="71" hits="0" branch="false"/>
                <line number="72" hits="0" branch="false"/>
                <line number="73" hits="0" branch="false"/>
                <line number="76" hits="1" branch="false"/>
                <line number="77" hits="1" branch="false"/>
                <line number="78" hits="1" branch="false"/>
                <line number="79" hits="1" branch="false"/>
                <line number="80" hits="1" branch="false"/>
                <line number="81" hits="1" branch="false"/>
                <line number="82" hits="1" branch="false"/>
                <line number="83" hits="1" branch="false"/>
                <line number="84" hits="1" branch="false"/>
                <line number="85" hits="1" branch="false"/>
                <line number="86" hits="1" branch="false"/>
                <line number="87" hits="1" branch="false"/>
                <line number="88" hits="1" branch="false"/>
                <line number="89" hits="1" branch="false"/>
                <line number="90" hits="1" branch="false"/>
              </lines>
            </method>
            <method name="geom_y_margin_grob" signature="" line-rate="0.842105263157895" branch-rate="0">
              <lines>
                <line number="225" hits="1" branch="false"/>
                <line number="226" hits="0" branch="false"/>
                <line number="227" hits="0" branch="false"/>
                <line number="228" hits="0" branch="false"/>
                <line number="231" hits="1" branch="false"/>
                <line number="232" hits="1" branch="false"/>
                <line number="233" hits="1" branch="false"/>
                <line number="234" hits="1" branch="false"/>
                <line number="235" hits="1" branch="false"/>
                <line number="236" hits="1" branch="false"/>
                <line number="237" hits="1" branch="false"/>
                <line number="238" hits="1" branch="false"/>
                <line number="239" hits="1" branch="false"/>
                <line number="240" hits="1" branch="false"/>
                <line number="241" hits="1" branch="false"/>
                <line number="242" hits="1" branch="false"/>
                <line number="243" hits="1" branch="false"/>
                <line number="244" hits="1" branch="false"/>
                <line number="245" hits="1" branch="false"/>
              </lines>
            </method>
          </methods>
          <lines>
            <line number="70" hits="1" branch="false"/>
            <line number="71" hits="0" branch="false"/>
            <line number="72" hits="0" branch="false"/>
            <line number="73" hits="0" branch="false"/>
            <line number="76" hits="1" branch="false"/>
            <line number="77" hits="1" branch="false"/>
            <line number="78" hits="1" branch="false"/>
            <line number="79" hits="1" branch="false"/>
            <line number="80" hits="1" branch="false"/>
            <line number="81" hits="1" branch="false"/>
            <line number="82" hits="1" branch="false"/>
            <line number="83" hits="1" branch="false"/>
            <line number="84" hits="1" branch="false"/>
            <line number="85" hits="1" branch="false"/>
            <line number="86" hits="1" branch="false"/>
            <line number="87" hits="1" branch="false"/>
            <line number="88" hits="1" branch="false"/>
            <line number="89" hits="1" branch="false"/>
            <line number="90" hits="1" branch="false"/>
            <line number="225" hits="1" branch="false"/>
            <line number="226" hits="0" branch="false"/>
            <line number="227" hits="0" branch="false"/>
            <line number="228" hits="0" branch="false"/>
            <line number="231" hits="1" branch="false"/>
            <line number="232" hits="1" branch="false"/>
            <line number="233" hits="1" branch="false"/>
            <line number="234" hits="1" branch="false"/>
            <line number="235" hits="1" branch="false"/>
            <line number="236" hits="1" branch="false"/>
            <line number="237" hits="1" branch="false"/>
            <line number="238" hits="1" branch="false"/>
            <line number="239" hits="1" branch="false"/>
            <line number="240" hits="1" branch="false"/>
            <line number="241" hits="1" branch="false"/>
            <line number="242" hits="1" branch="false"/>
            <line number="243" hits="1" branch="false"/>
            <line number="244" hits="1" branch="false"/>
            <line number="245" hits="1" branch="false"/>
          </lines>
        </class>
        <class name="geom-margin-point.r" filename="R/geom-margin-point.r" line-rate="1" branch-rate="0" complexity="0">
          <methods>
            <method name="geom_x_margin_point" signature="" line-rate="1" branch-rate="0">
              <lines>
                <line number="68" hits="3" branch="false"/>
                <line number="69" hits="1" branch="false"/>
                <line number="70" hits="1" branch="false"/>
                <line number="71" hits="1" branch="false"/>
                <line number="74" hits="3" branch="false"/>
                <line number="75" hits="3" branch="false"/>
                <line number="76" hits="3" branch="false"/>
                <line number="77" hits="3" branch="false"/>
                <line number="78" hits="3" branch="false"/>
                <line number="79" hits="3" branch="false"/>
                <line number="80" hits="3" branch="false"/>
                <line number="81" hits="3" branch="false"/>
                <line number="82" hits="3" branch="false"/>
                <line number="83" hits="3" branch="false"/>
                <line number="84" hits="3" branch="false"/>
                <line number="85" hits="3" branch="false"/>
                <line number="86" hits="3" branch="false"/>
                <line number="87" hits="3" branch="false"/>
                <line number="88" hits="3" branch="false"/>
              </lines>
            </method>
            <method name="geom_y_margin_point" signature="" line-rate="1" branch-rate="0">
              <lines>
                <line number="187" hits="3" branch="false"/>
                <line number="188" hits="1" branch="false"/>
                <line number="189" hits="1" branch="false"/>
                <line number="190" hits="1" branch="false"/>
                <line number="193" hits="3" branch="false"/>
                <line number="194" hits="3" branch="false"/>
                <line number="195" hits="3" branch="false"/>
                <line number="196" hits="3" branch="false"/>
                <line number="197" hits="3" branch="false"/>
                <line number="198" hits="3" branch="false"/>
                <line number="199" hits="3" branch="false"/>
                <line number="200" hits="3" branch="false"/>
                <line number="201" hits="3" branch="false"/>
                <line number="202" hits="3" branch="false"/>
                <line number="203" hits="3" branch="false"/>
                <line number="204" hits="3" branch="false"/>
                <line number="205" hits="3" branch="false"/>
                <line number="206" hits="3" branch="false"/>
                <line number="207" hits="3" branch="false"/>
              </lines>
            </method>
          </methods>
          <lines>
            <line number="68" hits="3" branch="false"/>
            <line number="69" hits="1" branch="false"/>
            <line number="70" hits="1" branch="false"/>
            <line number="71" hits="1" branch="false"/>
            <line number="74" hits="3" branch="false"/>
            <line number="75" hits="3" branch="false"/>
            <line number="76" hits="3" branch="false"/>
            <line number="77" hits="3" branch="false"/>
            <line number="78" hits="3" branch="false"/>
            <line number="79" hits="3" branch="false"/>
            <line number="80" hits="3" branch="false"/>
            <line number="81" hits="3" branch="false"/>
            <line number="82" hits="3" branch="false"/>
            <line number="83" hits="3" branch="false"/>
            <line number="84" hits="3" branch="false"/>
            <line number="85" hits="3" branch="false"/>
            <line number="86" hits="3" branch="false"/>
            <line number="87" hits="3" branch="false"/>
            <line number="88" hits="3" branch="false"/>
            <line number="187" hits="3" branch="false"/>
            <line number="188" hits="1" branch="false"/>
            <line number="189" hits="1" branch="false"/>
            <line number="190" hits="1" branch="false"/>
            <line number="193" hits="3" branch="false"/>
            <line number="194" hits="3" branch="false"/>
            <line number="195" hits="3" branch="false"/>
            <line number="196" hits="3" branch="false"/>
            <line number="197" hits="3" branch="false"/>
            <line number="198" hits="3" branch="false"/>
            <line number="199" hits="3" branch="false"/>
            <line number="200" hits="3" branch="false"/>
            <line number="201" hits="3" branch="false"/>
            <line number="202" hits="3" branch="false"/>
            <line number="203" hits="3" branch="false"/>
            <line number="204" hits="3" branch="false"/>
            <line number="205" hits="3" branch="false"/>
            <line number="206" hits="3" branch="false"/>
            <line number="207" hits="3" branch="false"/>
          </lines>
        </class>
        <class name="geom-plot.R" filename="R/geom-plot.R" line-rate="1" branch-rate="0" complexity="0">
          <methods>
            <method name="geom_plot" signature="" line-rate="1" branch-rate="0">
              <lines>
                <line number="162" hits="4" branch="false"/>
                <line number="163" hits="2" branch="false"/>
                <line number="164" hits="1" branch="false"/>
                <line number="167" hits="1" branch="false"/>
                <line number="168" hits="1" branch="false"/>
                <line number="171" hits="3" branch="false"/>
                <line number="172" hits="3" branch="false"/>
                <line number="173" hits="3" branch="false"/>
                <line number="174" hits="3" branch="false"/>
                <line number="175" hits="3" branch="false"/>
                <line number="176" hits="3" branch="false"/>
                <line number="177" hits="3" branch="false"/>
                <line number="178" hits="3" branch="false"/>
                <line number="179" hits="3" branch="false"/>
                <line number="180" hits="3" branch="false"/>
                <line number="181" hits="3" branch="false"/>
                <line number="182" hits="3" branch="false"/>
                <line number="183" hits="3" branch="false"/>
                <line number="184" hits="3" branch="false"/>
                <line number="185" hits="3" branch="false"/>
                <line number="186" hits="3" branch="false"/>
                <line number="187" hits="3" branch="false"/>
                <line number="188" hits="3" branch="false"/>
                <line number="189" hits="3" branch="false"/>
                <line number="190" hits="3" branch="false"/>
                <line number="191" hits="3" branch="false"/>
                <line number="192" hits="3" branch="false"/>
                <line number="193" hits="3" branch="false"/>
              </lines>
            </method>
            <method name="geom_plot_npc" signature="" line-rate="1" branch-rate="0">
              <lines>
                <line number="346" hits="1" branch="false"/>
                <line number="347" hits="1" branch="false"/>
                <line number="348" hits="1" branch="false"/>
                <line number="349" hits="1" branch="false"/>
                <line number="350" hits="1" branch="false"/>
                <line number="351" hits="1" branch="false"/>
                <line number="352" hits="1" branch="false"/>
                <line number="353" hits="1" branch="false"/>
                <line number="354" hits="1" branch="false"/>
                <line number="355" hits="1" branch="false"/>
                <line number="356" hits="1" branch="false"/>
                <line number="357" hits="1" branch="false"/>
                <line number="358" hits="1" branch="false"/>
              </lines>
            </method>
          </methods>
          <lines>
            <line number="162" hits="4" branch="false"/>
            <line number="163" hits="2" branch="false"/>
            <line number="164" hits="1" branch="false"/>
            <line number="167" hits="1" branch="false"/>
            <line number="168" hits="1" branch="false"/>
            <line number="171" hits="3" branch="false"/>
            <line number="172" hits="3" branch="false"/>
            <line number="173" hits="3" branch="false"/>
            <line number="174" hits="3" branch="false"/>
            <line number="175" hits="3" branch="false"/>
            <line number="176" hits="3" branch="false"/>
            <line number="177" hits="3" branch="false"/>
            <line number="178" hits="3" branch="false"/>
            <line number="179" hits="3" branch="false"/>
            <line number="180" hits="3" branch="false"/>
            <line number="181" hits="3" branch="false"/>
            <line number="182" hits="3" branch="false"/>
            <line number="183" hits="3" branch="false"/>
            <line number="184" hits="3" branch="false"/>
            <line number="185" hits="3" branch="false"/>
            <line number="186" hits="3" branch="false"/>
            <line number="187" hits="3" branch="false"/>
            <line number="188" hits="3" branch="false"/>
            <line number="189" hits="3" branch="false"/>
            <line number="190" hits="3" branch="false"/>
            <line number="191" hits="3" branch="false"/>
            <line number="192" hits="3" branch="false"/>
            <line number="193" hits="3" branch="false"/>
            <line number="346" hits="1" branch="false"/>
            <line number="347" hits="1" branch="false"/>
            <line number="348" hits="1" branch="false"/>
            <line number="349" hits="1" branch="false"/>
            <line number="350" hits="1" branch="false"/>
            <line number="351" hits="1" branch="false"/>
            <line number="352" hits="1" branch="false"/>
            <line number="353" hits="1" branch="false"/>
            <line number="354" hits="1" branch="false"/>
            <line number="355" hits="1" branch="false"/>
            <line number="356" hits="1" branch="false"/>
            <line number="357" hits="1" branch="false"/>
            <line number="358" hits="1" branch="false"/>
          </lines>
        </class>
        <class name="geom-point-linked.r" filename="R/geom-point-linked.r" line-rate="0.279569892473118" branch-rate="0" complexity="0">
          <methods>
            <method name="geom_point_s" signature="" line-rate="0.866666666666667" branch-rate="0">
              <lines>
                <line number="126" hits="3" branch="false"/>
                <line number="127" hits="1" branch="false"/>
                <line number="128" hits="1" branch="false"/>
                <line number="132" hits="0" branch="false"/>
                <line number="133" hits="0" branch="false"/>
                <line number="134" hits="0" branch="false"/>
                <line number="135" hits="0" branch="false"/>
                <line number="138" hits="2" branch="false"/>
                <line number="139" hits="2" branch="false"/>
                <line number="140" hits="2" branch="false"/>
                <line number="141" hits="2" branch="false"/>
                <line number="142" hits="2" branch="false"/>
                <line number="143" hits="2" branch="false"/>
                <line number="144" hits="2" branch="false"/>
                <line number="145" hits="2" branch="false"/>
                <line number="146" hits="2" branch="false"/>
                <line number="147" hits="2" branch="false"/>
                <line number="148" hits="2" branch="false"/>
                <line number="149" hits="2" branch="false"/>
                <line number="150" hits="2" branch="false"/>
                <line number="151" hits="2" branch="false"/>
                <line number="152" hits="2" branch="false"/>
                <line number="153" hits="2" branch="false"/>
                <line number="154" hits="2" branch="false"/>
                <line number="155" hits="2" branch="false"/>
                <line number="156" hits="2" branch="false"/>
                <line number="157" hits="2" branch="false"/>
                <line number="158" hits="2" branch="false"/>
                <line number="159" hits="2" branch="false"/>
                <line number="160" hits="2" branch="false"/>
              </lines>
            </method>
            <method name="translate_shape_string" signature="" line-rate="0" branch-rate="0">
              <lines>
                <line number="283" hits="0" branch="false"/>
                <line number="284" hits="0" branch="false"/>
                <line number="287" hits="0" branch="false"/>
                <line number="288" hits="0" branch="false"/>
                <line number="289" hits="0" branch="false"/>
                <line number="290" hits="0" branch="false"/>
                <line number="291" hits="0" branch="false"/>
                <line number="292" hits="0" branch="false"/>
                <line number="293" hits="0" branch="false"/>
                <line number="294" hits="0" branch="false"/>
                <line number="295" hits="0" branch="false"/>
                <line number="296" hits="0" branch="false"/>
                <line number="297" hits="0" branch="false"/>
                <line number="298" hits="0" branch="false"/>
                <line number="299" hits="0" branch="false"/>
                <line number="300" hits="0" branch="false"/>
                <line number="301" hits="0" branch="false"/>
                <line number="302" hits="0" branch="false"/>
                <line number="303" hits="0" branch="false"/>
                <line number="304" hits="0" branch="false"/>
                <line number="305" hits="0" branch="false"/>
                <line number="306" hits="0" branch="false"/>
                <line number="307" hits="0" branch="false"/>
                <line number="308" hits="0" branch="false"/>
                <line number="309" hits="0" branch="false"/>
                <line number="310" hits="0" branch="false"/>
                <line number="311" hits="0" branch="false"/>
                <line number="312" hits="0" branch="false"/>
                <line number="313" hits="0" branch="false"/>
                <line number="314" hits="0" branch="false"/>
                <line number="315" hits="0" branch="false"/>
                <line number="317" hits="0" branch="false"/>
                <line number="319" hits="0" branch="false"/>
                <line number="320" hits="0" branch="false"/>
                <line number="322" hits="0" branch="false"/>
                <line number="323" hits="0" branch="false"/>
                <line number="324" hits="0" branch="false"/>
                <line number="326" hits="0" branch="false"/>
                <line number="328" hits="0" branch="false"/>
                <line number="329" hits="0" branch="false"/>
                <line number="330" hits="0" branch="false"/>
                <line number="331" hits="0" branch="false"/>
                <line number="332" hits="0" branch="false"/>
                <line number="334" hits="0" branch="false"/>
                <line number="337" hits="0" branch="false"/>
                <line number="338" hits="0" branch="false"/>
                <line number="339" hits="0" branch="false"/>
                <line number="341" hits="0" branch="false"/>
                <line number="342" hits="0" branch="false"/>
                <line number="343" hits="0" branch="false"/>
                <line number="344" hits="0" branch="false"/>
                <line number="345" hits="0" branch="false"/>
                <line number="347" hits="0" branch="false"/>
                <line number="348" hits="0" branch="false"/>
                <line number="349" hits="0" branch="false"/>
                <line number="350" hits="0" branch="false"/>
                <line number="352" hits="0" branch="false"/>
                <line number="353" hits="0" branch="false"/>
                <line number="354" hits="0" branch="false"/>
                <line number="355" hits="0" branch="false"/>
                <line number="356" hits="0" branch="false"/>
                <line number="358" hits="0" branch="false"/>
                <line number="361" hits="0" branch="false"/>
              </lines>
            </method>
          </methods>
          <lines>
            <line number="126" hits="3" branch="false"/>
            <line number="127" hits="1" branch="false"/>
            <line number="128" hits="1" branch="false"/>
            <line number="132" hits="0" branch="false"/>
            <line number="133" hits="0" branch="false"/>
            <line number="134" hits="0" branch="false"/>
            <line number="135" hits="0" branch="false"/>
            <line number="138" hits="2" branch="false"/>
            <line number="139" hits="2" branch="false"/>
            <line number="140" hits="2" branch="false"/>
            <line number="141" hits="2" branch="false"/>
            <line number="142" hits="2" branch="false"/>
            <line number="143" hits="2" branch="false"/>
            <line number="144" hits="2" branch="false"/>
            <line number="145" hits="2" branch="false"/>
            <line number="146" hits="2" branch="false"/>
            <line number="147" hits="2" branch="false"/>
            <line number="148" hits="2" branch="false"/>
            <line number="149" hits="2" branch="false"/>
            <line number="150" hits="2" branch="false"/>
            <line number="151" hits="2" branch="false"/>
            <line number="152" hits="2" branch="false"/>
            <line number="153" hits="2" branch="false"/>
            <line number="154" hits="2" branch="false"/>
            <line number="155" hits="2" branch="false"/>
            <line number="156" hits="2" branch="false"/>
            <line number="157" hits="2" branch="false"/>
            <line number="158" hits="2" branch="false"/>
            <line number="159" hits="2" branch="false"/>
            <line number="160" hits="2" branch="false"/>
            <line number="283" hits="0" branch="false"/>
            <line number="284" hits="0" branch="false"/>
            <line number="287" hits="0" branch="false"/>
            <line number="288" hits="0" branch="false"/>
            <line number="289" hits="0" branch="false"/>
            <line number="290" hits="0" branch="false"/>
            <line number="291" hits="0" branch="false"/>
            <line number="292" hits="0" branch="false"/>
            <line number="293" hits="0" branch="false"/>
            <line number="294" hits="0" branch="false"/>
            <line number="295" hits="0" branch="false"/>
            <line number="296" hits="0" branch="false"/>
            <line number="297" hits="0" branch="false"/>
            <line number="298" hits="0" branch="false"/>
            <line number="299" hits="0" branch="false"/>
            <line number="300" hits="0" branch="false"/>
            <line number="301" hits="0" branch="false"/>
            <line number="302" hits="0" branch="false"/>
            <line number="303" hits="0" branch="false"/>
            <line number="304" hits="0" branch="false"/>
            <line number="305" hits="0" branch="false"/>
            <line number="306" hits="0" branch="false"/>
            <line number="307" hits="0" branch="false"/>
            <line number="308" hits="0" branch="false"/>
            <line number="309" hits="0" branch="false"/>
            <line number="310" hits="0" branch="false"/>
            <line number="311" hits="0" branch="false"/>
            <line number="312" hits="0" branch="false"/>
            <line number="313" hits="0" branch="false"/>
            <line number="314" hits="0" branch="false"/>
            <line number="315" hits="0" branch="false"/>
            <line number="317" hits="0" branch="false"/>
            <line number="319" hits="0" branch="false"/>
            <line number="320" hits="0" branch="false"/>
            <line number="322" hits="0" branch="false"/>
            <line number="323" hits="0" branch="false"/>
            <line number="324" hits="0" branch="false"/>
            <line number="326" hits="0" branch="false"/>
            <line number="328" hits="0" branch="false"/>
            <line number="329" hits="0" branch="false"/>
            <line number="330" hits="0" branch="false"/>
            <line number="331" hits="0" branch="false"/>
            <line number="332" hits="0" branch="false"/>
            <line number="334" hits="0" branch="false"/>
            <line number="337" hits="0" branch="false"/>
            <line number="338" hits="0" branch="false"/>
            <line number="339" hits="0" branch="false"/>
            <line number="341" hits="0" branch="false"/>
            <line number="342" hits="0" branch="false"/>
            <line number="343" hits="0" branch="false"/>
            <line number="344" hits="0" branch="false"/>
            <line number="345" hits="0" branch="false"/>
            <line number="347" hits="0" branch="false"/>
            <line number="348" hits="0" branch="false"/>
            <line number="349" hits="0" branch="false"/>
            <line number="350" hits="0" branch="false"/>
            <line number="352" hits="0" branch="false"/>
            <line number="353" hits="0" branch="false"/>
            <line number="354" hits="0" branch="false"/>
            <line number="355" hits="0" branch="false"/>
            <line number="356" hits="0" branch="false"/>
            <line number="358" hits="0" branch="false"/>
            <line number="361" hits="0" branch="false"/>
          </lines>
        </class>
        <class name="geom-quadrant-lines.R" filename="R/geom-quadrant-lines.R" line-rate="0.934782608695652" branch-rate="0" complexity="0">
          <methods>
            <method name="geom_quadrant_lines" signature="" line-rate="0.916666666666667" branch-rate="0">
              <lines>
                <line number="110" hits="3" branch="false"/>
                <line number="111" hits="3" branch="false"/>
                <line number="114" hits="3" branch="false"/>
                <line number="115" hits="3" branch="false"/>
                <line number="116" hits="3" branch="false"/>
                <line number="117" hits="3" branch="false"/>
                <line number="118" hits="3" branch="false"/>
                <line number="119" hits="3" branch="false"/>
                <line number="120" hits="0" branch="false"/>
                <line number="121" hits="0" branch="false"/>
                <line number="124" hits="3" branch="false"/>
                <line number="125" hits="3" branch="false"/>
                <line number="126" hits="3" branch="false"/>
                <line number="127" hits="3" branch="false"/>
                <line number="128" hits="3" branch="false"/>
                <line number="129" hits="3" branch="false"/>
                <line number="130" hits="3" branch="false"/>
                <line number="131" hits="3" branch="false"/>
                <line number="132" hits="3" branch="false"/>
                <line number="133" hits="3" branch="false"/>
                <line number="134" hits="3" branch="false"/>
                <line number="135" hits="3" branch="false"/>
                <line number="136" hits="3" branch="false"/>
                <line number="137" hits="3" branch="false"/>
              </lines>
            </method>
            <method name="geom_vhlines" signature="" line-rate="0.954545454545455" branch-rate="0">
              <lines>
                <line number="213" hits="2" branch="false"/>
                <line number="214" hits="1" branch="false"/>
                <line number="215" hits="1" branch="false"/>
                <line number="216" hits="1" branch="false"/>
                <line number="217" hits="1" branch="false"/>
                <line number="218" hits="1" branch="false"/>
                <line number="219" hits="1" branch="false"/>
                <line number="220" hits="1" branch="false"/>
                <line number="221" hits="0" branch="false"/>
                <line number="224" hits="2" branch="false"/>
                <line number="225" hits="2" branch="false"/>
                <line number="226" hits="2" branch="false"/>
                <line number="227" hits="2" branch="false"/>
                <line number="228" hits="2" branch="false"/>
                <line number="229" hits="2" branch="false"/>
                <line number="230" hits="2" branch="false"/>
                <line number="231" hits="2" branch="false"/>
                <line number="232" hits="2" branch="false"/>
                <line number="233" hits="2" branch="false"/>
                <line number="234" hits="2" branch="false"/>
                <line number="235" hits="2" branch="false"/>
                <line number="236" hits="2" branch="false"/>
              </lines>
            </method>
          </methods>
          <lines>
            <line number="110" hits="3" branch="false"/>
            <line number="111" hits="3" branch="false"/>
            <line number="114" hits="3" branch="false"/>
            <line number="115" hits="3" branch="false"/>
            <line number="116" hits="3" branch="false"/>
            <line number="117" hits="3" branch="false"/>
            <line number="118" hits="3" branch="false"/>
            <line number="119" hits="3" branch="false"/>
            <line number="120" hits="0" branch="false"/>
            <line number="121" hits="0" branch="false"/>
            <line number="124" hits="3" branch="false"/>
            <line number="125" hits="3" branch="false"/>
            <line number="126" hits="3" branch="false"/>
            <line number="127" hits="3" branch="false"/>
            <line number="128" hits="3" branch="false"/>
            <line number="129" hits="3" branch="false"/>
            <line number="130" hits="3" branch="false"/>
            <line number="131" hits="3" branch="false"/>
            <line number="132" hits="3" branch="false"/>
            <line number="133" hits="3" branch="false"/>
            <line number="134" hits="3" branch="false"/>
            <line number="135" hits="3" branch="false"/>
            <line number="136" hits="3" branch="false"/>
            <line number="137" hits="3" branch="false"/>
            <line number="213" hits="2" branch="false"/>
            <line number="214" hits="1" branch="false"/>
            <line number="215" hits="1" branch="false"/>
            <line number="216" hits="1" branch="false"/>
            <line number="217" hits="1" branch="false"/>
            <line number="218" hits="1" branch="false"/>
            <line number="219" hits="1" branch="false"/>
            <line number="220" hits="1" branch="false"/>
            <line number="221" hits="0" branch="false"/>
            <line number="224" hits="2" branch="false"/>
            <line number="225" hits="2" branch="false"/>
            <line number="226" hits="2" branch="false"/>
            <line number="227" hits="2" branch="false"/>
            <line number="228" hits="2" branch="false"/>
            <line number="229" hits="2" branch="false"/>
            <line number="230" hits="2" branch="false"/>
            <line number="231" hits="2" branch="false"/>
            <line number="232" hits="2" branch="false"/>
            <line number="233" hits="2" branch="false"/>
            <line number="234" hits="2" branch="false"/>
            <line number="235" hits="2" branch="false"/>
            <line number="236" hits="2" branch="false"/>
          </lines>
        </class>
        <class name="geom-table.R" filename="R/geom-table.R" line-rate="0.714285714285714" branch-rate="0" complexity="0">
          <methods>
            <method name="geom_table" signature="" line-rate="0.904761904761905" branch-rate="0">
              <lines>
                <line number="248" hits="7" branch="false"/>
                <line number="249" hits="1" branch="false"/>
                <line number="250" hits="1" branch="false"/>
                <line number="253" hits="0" branch="false"/>
                <line number="254" hits="0" branch="false"/>
                <line number="255" hits="0" branch="false"/>
                <line number="256" hits="0" branch="false"/>
                <line number="259" hits="6" branch="false"/>
                <line number="260" hits="1" branch="false"/>
                <line number="261" hits="1" branch="false"/>
                <line number="262" hits="1" branch="false"/>
                <line number="263" hits="1" branch="false"/>
                <line number="264" hits="1" branch="false"/>
                <line number="265" hits="1" branch="false"/>
                <line number="268" hits="6" branch="false"/>
                <line number="269" hits="6" branch="false"/>
                <line number="270" hits="6" branch="false"/>
                <line number="271" hits="6" branch="false"/>
                <line number="272" hits="6" branch="false"/>
                <line number="273" hits="6" branch="false"/>
                <line number="274" hits="6" branch="false"/>
                <line number="275" hits="6" branch="false"/>
                <line number="276" hits="6" branch="false"/>
                <line number="277" hits="6" branch="false"/>
                <line number="278" hits="6" branch="false"/>
                <line number="279" hits="6" branch="false"/>
                <line number="280" hits="6" branch="false"/>
                <line number="281" hits="6" branch="false"/>
                <line number="282" hits="6" branch="false"/>
                <line number="283" hits="6" branch="false"/>
                <line number="284" hits="6" branch="false"/>
                <line number="285" hits="6" branch="false"/>
                <line number="286" hits="6" branch="false"/>
                <line number="287" hits="6" branch="false"/>
                <line number="288" hits="6" branch="false"/>
                <line number="289" hits="6" branch="false"/>
                <line number="290" hits="6" branch="false"/>
                <line number="291" hits="6" branch="false"/>
                <line number="292" hits="6" branch="false"/>
                <line number="293" hits="6" branch="false"/>
                <line number="294" hits="6" branch="false"/>
                <line number="295" hits="6" branch="false"/>
              </lines>
            </method>
            <method name="geom_table_npc" signature="" line-rate="1" branch-rate="0">
              <lines>
                <line number="512" hits="3" branch="false"/>
                <line number="513" hits="1" branch="false"/>
                <line number="514" hits="1" branch="false"/>
                <line number="515" hits="1" branch="false"/>
                <line number="516" hits="1" branch="false"/>
                <line number="517" hits="1" branch="false"/>
                <line number="518" hits="1" branch="false"/>
                <line number="520" hits="3" branch="false"/>
                <line number="521" hits="3" branch="false"/>
                <line number="522" hits="3" branch="false"/>
                <line number="523" hits="3" branch="false"/>
                <line number="524" hits="3" branch="false"/>
                <line number="525" hits="3" branch="false"/>
                <line number="526" hits="3" branch="false"/>
                <line number="527" hits="3" branch="false"/>
                <line number="528" hits="3" branch="false"/>
                <line number="529" hits="3" branch="false"/>
                <line number="530" hits="3" branch="false"/>
                <line number="531" hits="3" branch="false"/>
                <line number="532" hits="3" branch="false"/>
                <line number="533" hits="3" branch="false"/>
                <line number="534" hits="3" branch="false"/>
                <line number="535" hits="3" branch="false"/>
                <line number="536" hits="3" branch="false"/>
                <line number="537" hits="3" branch="false"/>
              </lines>
            </method>
            <method name="gtbnpc_draw_panel_fun" signature="" line-rate="0" branch-rate="0">
              <lines>
                <line number="572" hits="0" branch="false"/>
                <line number="573" hits="0" branch="false"/>
                <line number="576" hits="0" branch="false"/>
                <line number="577" hits="0" branch="false"/>
                <line number="578" hits="0" branch="false"/>
                <line number="579" hits="0" branch="false"/>
                <line number="582" hits="0" branch="false"/>
                <line number="583" hits="0" branch="false"/>
                <line number="585" hits="0" branch="false"/>
                <line number="586" hits="0" branch="false"/>
                <line number="588" hits="0" branch="false"/>
                <line number="589" hits="0" branch="false"/>
                <line number="593" hits="0" branch="false"/>
                <line number="594" hits="0" branch="false"/>
                <line number="595" hits="0" branch="false"/>
                <line number="598" hits="0" branch="false"/>
                <line number="600" hits="0" branch="false"/>
                <line number="602" hits="0" branch="false"/>
                <line number="604" hits="0" branch="false"/>
                <line number="605" hits="0" branch="false"/>
                <line number="606" hits="0" branch="false"/>
                <line number="607" hits="0" branch="false"/>
                <line number="609" hits="0" branch="false"/>
                <line number="610" hits="0" branch="false"/>
                <line number="611" hits="0" branch="false"/>
                <line number="613" hits="0" branch="false"/>
                <line number="615" hits="0" branch="false"/>
                <line number="616" hits="0" branch="false"/>
                <line number="617" hits="0" branch="false"/>
                <line number="618" hits="0" branch="false"/>
                <line number="619" hits="0" branch="false"/>
                <line number="620" hits="0" branch="false"/>
                <line number="621" hits="0" branch="false"/>
                <line number="622" hits="0" branch="false"/>
                <line number="625" hits="0" branch="false"/>
                <line number="626" hits="0" branch="false"/>
                <line number="627" hits="0" branch="false"/>
                <line number="628" hits="0" branch="false"/>
                <line number="629" hits="0" branch="false"/>
                <line number="630" hits="0" branch="false"/>
                <line number="631" hits="0" branch="false"/>
                <line number="632" hits="0" branch="false"/>
                <line number="633" hits="0" branch="false"/>
                <line number="634" hits="0" branch="false"/>
                <line number="636" hits="0" branch="false"/>
                <line number="637" hits="0" branch="false"/>
                <line number="639" hits="0" branch="false"/>
                <line number="640" hits="0" branch="false"/>
                <line number="641" hits="0" branch="false"/>
                <line number="642" hits="0" branch="false"/>
                <line number="643" hits="0" branch="false"/>
                <line number="644" hits="0" branch="false"/>
                <line number="645" hits="0" branch="false"/>
                <line number="646" hits="0" branch="false"/>
                <line number="648" hits="0" branch="false"/>
                <line number="649" hits="0" branch="false"/>
                <line number="650" hits="0" branch="false"/>
                <line number="651" hits="0" branch="false"/>
                <line number="652" hits="0" branch="false"/>
                <line number="653" hits="0" branch="false"/>
                <line number="654" hits="0" branch="false"/>
                <line number="655" hits="0" branch="false"/>
                <line number="656" hits="0" branch="false"/>
                <line number="659" hits="0" branch="false"/>
                <line number="661" hits="0" branch="false"/>
                <line number="664" hits="0" branch="false"/>
              </lines>
            </method>
            <method name="ttheme_gtdefault" signature="" line-rate="1" branch-rate="0">
              <lines>
                <line number="787" hits="4" branch="false"/>
                <line number="788" hits="4" branch="false"/>
                <line number="789" hits="4" branch="false"/>
                <line number="790" hits="4" branch="false"/>
                <line number="791" hits="4" branch="false"/>
                <line number="792" hits="4" branch="false"/>
              </lines>
            </method>
            <method name="ttheme_gtminimal" signature="" line-rate="1" branch-rate="0">
              <lines>
                <line number="806" hits="2" branch="false"/>
                <line number="807" hits="2" branch="false"/>
                <line number="808" hits="2" branch="false"/>
                <line number="809" hits="2" branch="false"/>
                <line number="810" hits="2" branch="false"/>
                <line number="811" hits="2" branch="false"/>
              </lines>
            </method>
            <method name="ttheme_gtbw" signature="" line-rate="1" branch-rate="0">
              <lines>
                <line number="825" hits="20" branch="false"/>
                <line number="826" hits="20" branch="false"/>
                <line number="827" hits="20" branch="false"/>
                <line number="828" hits="20" branch="false"/>
                <line number="829" hits="20" branch="false"/>
                <line number="830" hits="20" branch="false"/>
                <line number="832" hits="20" branch="false"/>
                <line number="833" hits="20" branch="false"/>
                <line number="834" hits="20" branch="false"/>
                <line number="835" hits="20" branch="false"/>
                <line number="836" hits="20" branch="false"/>
                <line number="837" hits="20" branch="false"/>
                <line number="838" hits="20" branch="false"/>
                <line number="839" hits="20" branch="false"/>
                <line number="840" hits="20" branch="false"/>
                <line number="842" hits="20" branch="false"/>
              </lines>
            </method>
            <method name="ttheme_gtplain" signature="" line-rate="1" branch-rate="0">
              <lines>
                <line number="856" hits="8" branch="false"/>
                <line number="857" hits="8" branch="false"/>
                <line number="858" hits="8" branch="false"/>
                <line number="859" hits="8" branch="false"/>
                <line number="860" hits="8" branch="false"/>
                <line number="861" hits="8" branch="false"/>
                <line number="863" hits="8" branch="false"/>
                <line number="864" hits="8" branch="false"/>
                <line number="865" hits="8" branch="false"/>
                <line number="866" hits="8" branch="false"/>
                <line number="867" hits="8" branch="false"/>
                <line number="868" hits="8" branch="false"/>
                <line number="869" hits="8" branch="false"/>
                <line number="870" hits="8" branch="false"/>
                <line number="871" hits="8" branch="false"/>
                <line number="873" hits="8" branch="false"/>
              </lines>
            </method>
            <method name="ttheme_gtdark" signature="" line-rate="1" branch-rate="0">
              <lines>
                <line number="887" hits="7" branch="false"/>
                <line number="888" hits="7" branch="false"/>
                <line number="889" hits="7" branch="false"/>
                <line number="890" hits="7" branch="false"/>
                <line number="891" hits="7" branch="false"/>
                <line number="892" hits="7" branch="false"/>
                <line number="894" hits="7" branch="false"/>
                <line number="895" hits="7" branch="false"/>
                <line number="896" hits="7" branch="false"/>
                <line number="897" hits="7" branch="false"/>
                <line number="898" hits="7" branch="false"/>
                <line number="899" hits="7" branch="false"/>
                <line number="900" hits="7" branch="false"/>
                <line number="901" hits="7" branch="false"/>
                <line number="902" hits="7" branch="false"/>
                <line number="904" hits="7" branch="false"/>
              </lines>
            </method>
            <method name="ttheme_gtlight" signature="" line-rate="1" branch-rate="0">
              <lines>
                <line number="918" hits="20" branch="false"/>
                <line number="919" hits="20" branch="false"/>
                <line number="920" hits="20" branch="false"/>
                <line number="921" hits="20" branch="false"/>
                <line number="922" hits="20" branch="false"/>
                <line number="923" hits="20" branch="false"/>
                <line number="925" hits="20" branch="false"/>
                <line number="926" hits="20" branch="false"/>
                <line number="927" hits="20" branch="false"/>
                <line number="928" hits="20" branch="false"/>
                <line number="929" hits="20" branch="false"/>
                <line number="930" hits="20" branch="false"/>
                <line number="931" hits="20" branch="false"/>
                <line number="932" hits="20" branch="false"/>
                <line number="933" hits="20" branch="false"/>
                <line number="935" hits="20" branch="false"/>
              </lines>
            </method>
            <method name="ttheme_gtsimple" signature="" line-rate="1" branch-rate="0">
              <lines>
                <line number="949" hits="20" branch="false"/>
                <line number="950" hits="20" branch="false"/>
                <line number="951" hits="20" branch="false"/>
                <line number="952" hits="20" branch="false"/>
                <line number="953" hits="20" branch="false"/>
                <line number="954" hits="20" branch="false"/>
[...]
            <line number="126" hits="0" branch="false"/>
            <line number="127" hits="0" branch="false"/>
            <line number="128" hits="0" branch="false"/>
            <line number="129" hits="0" branch="false"/>
            <line number="130" hits="0" branch="false"/>
            <line number="131" hits="0" branch="false"/>
            <line number="146" hits="0" branch="false"/>
            <line number="148" hits="0" branch="false"/>
            <line number="149" hits="0" branch="false"/>
            <line number="151" hits="0" branch="false"/>
            <line number="152" hits="0" branch="false"/>
            <line number="153" hits="0" branch="false"/>
            <line number="156" hits="0" branch="false"/>
            <line number="157" hits="0" branch="false"/>
            <line number="158" hits="0" branch="false"/>
            <line number="160" hits="0" branch="false"/>
            <line number="161" hits="0" branch="false"/>
            <line number="162" hits="0" branch="false"/>
            <line number="163" hits="0" branch="false"/>
            <line number="164" hits="0" branch="false"/>
            <line number="165" hits="0" branch="false"/>
            <line number="167" hits="0" branch="false"/>
            <line number="170" hits="0" branch="false"/>
            <line number="171" hits="0" branch="false"/>
            <line number="172" hits="0" branch="false"/>
            <line number="173" hits="0" branch="false"/>
            <line number="174" hits="0" branch="false"/>
            <line number="180" hits="0" branch="false"/>
            <line number="181" hits="0" branch="false"/>
            <line number="182" hits="0" branch="false"/>
            <line number="184" hits="0" branch="false"/>
            <line number="185" hits="0" branch="false"/>
            <line number="187" hits="0" branch="false"/>
            <line number="188" hits="0" branch="false"/>
            <line number="193" hits="0" branch="false"/>
            <line number="194" hits="0" branch="false"/>
            <line number="195" hits="0" branch="false"/>
            <line number="196" hits="0" branch="false"/>
            <line number="197" hits="0" branch="false"/>
            <line number="198" hits="0" branch="false"/>
            <line number="200" hits="0" branch="false"/>
            <line number="203" hits="0" branch="false"/>
            <line number="204" hits="0" branch="false"/>
            <line number="205" hits="0" branch="false"/>
            <line number="206" hits="0" branch="false"/>
            <line number="207" hits="0" branch="false"/>
            <line number="213" hits="0" branch="false"/>
            <line number="214" hits="0" branch="false"/>
            <line number="215" hits="0" branch="false"/>
            <line number="217" hits="0" branch="false"/>
            <line number="218" hits="0" branch="false"/>
            <line number="220" hits="0" branch="false"/>
            <line number="221" hits="0" branch="false"/>
            <line number="226" hits="0" branch="false"/>
            <line number="230" hits="0" branch="false"/>
          </lines>
        </class>
        <class name="stat-panel-counts.R" filename="R/stat-panel-counts.R" line-rate="1" branch-rate="0" complexity="0">
          <methods>
            <method name="stat_panel_counts" signature="" line-rate="1" branch-rate="0">
              <lines>
                <line number="130" hits="1" branch="false"/>
                <line number="131" hits="1" branch="false"/>
                <line number="133" hits="1" branch="false"/>
                <line number="134" hits="1" branch="false"/>
                <line number="135" hits="1" branch="false"/>
                <line number="136" hits="1" branch="false"/>
                <line number="137" hits="1" branch="false"/>
                <line number="138" hits="1" branch="false"/>
                <line number="139" hits="1" branch="false"/>
                <line number="140" hits="1" branch="false"/>
                <line number="141" hits="1" branch="false"/>
                <line number="142" hits="1" branch="false"/>
                <line number="143" hits="1" branch="false"/>
                <line number="144" hits="1" branch="false"/>
                <line number="145" hits="1" branch="false"/>
                <line number="146" hits="1" branch="false"/>
              </lines>
            </method>
            <method name="stat_group_counts" signature="" line-rate="1" branch-rate="0">
              <lines>
                <line number="252" hits="1" branch="false"/>
                <line number="253" hits="1" branch="false"/>
                <line number="255" hits="1" branch="false"/>
                <line number="256" hits="1" branch="false"/>
                <line number="257" hits="1" branch="false"/>
                <line number="258" hits="1" branch="false"/>
                <line number="259" hits="1" branch="false"/>
                <line number="260" hits="1" branch="false"/>
                <line number="261" hits="1" branch="false"/>
                <line number="262" hits="1" branch="false"/>
                <line number="263" hits="1" branch="false"/>
                <line number="264" hits="1" branch="false"/>
                <line number="265" hits="1" branch="false"/>
                <line number="266" hits="1" branch="false"/>
                <line number="267" hits="1" branch="false"/>
                <line number="268" hits="1" branch="false"/>
                <line number="269" hits="1" branch="false"/>
                <line number="270" hits="1" branch="false"/>
                <line number="271" hits="1" branch="false"/>
                <line number="272" hits="1" branch="false"/>
                <line number="273" hits="1" branch="false"/>
                <line number="274" hits="1" branch="false"/>
              </lines>
            </method>
          </methods>
          <lines>
            <line number="130" hits="1" branch="false"/>
            <line number="131" hits="1" branch="false"/>
            <line number="133" hits="1" branch="false"/>
            <line number="134" hits="1" branch="false"/>
            <line number="135" hits="1" branch="false"/>
            <line number="136" hits="1" branch="false"/>
            <line number="137" hits="1" branch="false"/>
            <line number="138" hits="1" branch="false"/>
            <line number="139" hits="1" branch="false"/>
            <line number="140" hits="1" branch="false"/>
            <line number="141" hits="1" branch="false"/>
            <line number="142" hits="1" branch="false"/>
            <line number="143" hits="1" branch="false"/>
            <line number="144" hits="1" branch="false"/>
            <line number="145" hits="1" branch="false"/>
            <line number="146" hits="1" branch="false"/>
            <line number="252" hits="1" branch="false"/>
            <line number="253" hits="1" branch="false"/>
            <line number="255" hits="1" branch="false"/>
            <line number="256" hits="1" branch="false"/>
            <line number="257" hits="1" branch="false"/>
            <line number="258" hits="1" branch="false"/>
            <line number="259" hits="1" branch="false"/>
            <line number="260" hits="1" branch="false"/>
            <line number="261" hits="1" branch="false"/>
            <line number="262" hits="1" branch="false"/>
            <line number="263" hits="1" branch="false"/>
            <line number="264" hits="1" branch="false"/>
            <line number="265" hits="1" branch="false"/>
            <line number="266" hits="1" branch="false"/>
            <line number="267" hits="1" branch="false"/>
            <line number="268" hits="1" branch="false"/>
            <line number="269" hits="1" branch="false"/>
            <line number="270" hits="1" branch="false"/>
            <line number="271" hits="1" branch="false"/>
            <line number="272" hits="1" branch="false"/>
            <line number="273" hits="1" branch="false"/>
            <line number="274" hits="1" branch="false"/>
          </lines>
        </class>
        <class name="stat-quadrant-counts.R" filename="R/stat-quadrant-counts.R" line-rate="1" branch-rate="0" complexity="0">
          <methods>
            <method name="stat_quadrant_counts" signature="" line-rate="1" branch-rate="0">
              <lines>
                <line number="141" hits="1" branch="false"/>
                <line number="142" hits="1" branch="false"/>
                <line number="143" hits="1" branch="false"/>
                <line number="144" hits="1" branch="false"/>
                <line number="145" hits="1" branch="false"/>
                <line number="147" hits="1" branch="false"/>
                <line number="148" hits="1" branch="false"/>
                <line number="149" hits="1" branch="false"/>
                <line number="150" hits="1" branch="false"/>
                <line number="151" hits="1" branch="false"/>
                <line number="152" hits="1" branch="false"/>
                <line number="153" hits="1" branch="false"/>
                <line number="154" hits="1" branch="false"/>
                <line number="155" hits="1" branch="false"/>
                <line number="156" hits="1" branch="false"/>
                <line number="157" hits="1" branch="false"/>
                <line number="158" hits="1" branch="false"/>
                <line number="159" hits="1" branch="false"/>
                <line number="160" hits="1" branch="false"/>
                <line number="161" hits="1" branch="false"/>
                <line number="162" hits="1" branch="false"/>
                <line number="163" hits="1" branch="false"/>
              </lines>
            </method>
          </methods>
          <lines>
            <line number="141" hits="1" branch="false"/>
            <line number="142" hits="1" branch="false"/>
            <line number="143" hits="1" branch="false"/>
            <line number="144" hits="1" branch="false"/>
            <line number="145" hits="1" branch="false"/>
            <line number="147" hits="1" branch="false"/>
            <line number="148" hits="1" branch="false"/>
            <line number="149" hits="1" branch="false"/>
            <line number="150" hits="1" branch="false"/>
            <line number="151" hits="1" branch="false"/>
            <line number="152" hits="1" branch="false"/>
            <line number="153" hits="1" branch="false"/>
            <line number="154" hits="1" branch="false"/>
            <line number="155" hits="1" branch="false"/>
            <line number="156" hits="1" branch="false"/>
            <line number="157" hits="1" branch="false"/>
            <line number="158" hits="1" branch="false"/>
            <line number="159" hits="1" branch="false"/>
            <line number="160" hits="1" branch="false"/>
            <line number="161" hits="1" branch="false"/>
            <line number="162" hits="1" branch="false"/>
            <line number="163" hits="1" branch="false"/>
          </lines>
        </class>
        <class name="try-data-frame.R" filename="R/try-data-frame.R" line-rate="0.516666666666667" branch-rate="0" complexity="0">
          <methods>
            <method name="try_data_frame" signature="" line-rate="0.581395348837209" branch-rate="0">
              <lines>
                <line number="58" hits="8" branch="false"/>
                <line number="59" hits="0" branch="false"/>
                <line number="61" hits="8" branch="false"/>
                <line number="62" hits="8" branch="false"/>
                <line number="63" hits="0" branch="false"/>
                <line number="65" hits="8" branch="false"/>
                <line number="66" hits="0" branch="false"/>
                <line number="68" hits="8" branch="false"/>
                <line number="69" hits="8" branch="false"/>
                <line number="71" hits="8" branch="false"/>
                <line number="72" hits="8" branch="false"/>
                <line number="73" hits="6" branch="false"/>
                <line number="74" hits="0" branch="false"/>
                <line number="75" hits="6" branch="false"/>
                <line number="76" hits="0" branch="false"/>
                <line number="77" hits="6" branch="false"/>
                <line number="78" hits="0" branch="false"/>
                <line number="79" hits="0" branch="false"/>
                <line number="81" hits="6" branch="false"/>
                <line number="83" hits="6" branch="false"/>
                <line number="85" hits="2" branch="false"/>
                <line number="86" hits="2" branch="false"/>
                <line number="87" hits="0" branch="false"/>
                <line number="88" hits="0" branch="false"/>
                <line number="89" hits="0" branch="false"/>
                <line number="90" hits="0" branch="false"/>
                <line number="91" hits="0" branch="false"/>
                <line number="92" hits="0" branch="false"/>
                <line number="93" hits="0" branch="false"/>
                <line number="95" hits="0" branch="false"/>
                <line number="97" hits="2" branch="false"/>
                <line number="98" hits="0" branch="false"/>
                <line number="100" hits="2" branch="false"/>
                <line number="101" hits="2" branch="false"/>
                <line number="104" hits="8" branch="false"/>
                <line number="105" hits="8" branch="false"/>
                <line number="107" hits="0" branch="false"/>
                <line number="110" hits="8" branch="false"/>
                <line number="111" hits="8" branch="false"/>
                <line number="112" hits="8" branch="false"/>
                <line number="113" hits="0" branch="false"/>
                <line number="115" hits="8" branch="false"/>
                <line number="117" hits="8" branch="false"/>
              </lines>
            </method>
            <method name="try_tibble" signature="" line-rate="1" branch-rate="0">
              <lines>
                <line number="127" hits="4" branch="false"/>
                <line number="128" hits="4" branch="false"/>
                <line number="129" hits="4" branch="false"/>
                <line number="130" hits="4" branch="false"/>
                <line number="131" hits="4" branch="false"/>
                <line number="132" hits="4" branch="false"/>
              </lines>
            </method>
            <method name="ggplot.xts" signature="" line-rate="0" branch-rate="0">
              <lines>
                <line number="203" hits="0" branch="false"/>
                <line number="204" hits="0" branch="false"/>
                <line number="205" hits="0" branch="false"/>
                <line number="206" hits="0" branch="false"/>
                <line number="207" hits="0" branch="false"/>
                <line number="208" hits="0" branch="false"/>
                <line number="209" hits="0" branch="false"/>
                <line number="211" hits="0" branch="false"/>
                <line number="212" hits="0" branch="false"/>
                <line number="213" hits="0" branch="false"/>
                <line number="214" hits="0" branch="false"/>
              </lines>
            </method>
          </methods>
          <lines>
            <line number="58" hits="8" branch="false"/>
            <line number="59" hits="0" branch="false"/>
            <line number="61" hits="8" branch="false"/>
            <line number="62" hits="8" branch="false"/>
            <line number="63" hits="0" branch="false"/>
            <line number="65" hits="8" branch="false"/>
            <line number="66" hits="0" branch="false"/>
            <line number="68" hits="8" branch="false"/>
            <line number="69" hits="8" branch="false"/>
            <line number="71" hits="8" branch="false"/>
            <line number="72" hits="8" branch="false"/>
            <line number="73" hits="6" branch="false"/>
            <line number="74" hits="0" branch="false"/>
            <line number="75" hits="6" branch="false"/>
            <line number="76" hits="0" branch="false"/>
            <line number="77" hits="6" branch="false"/>
            <line number="78" hits="0" branch="false"/>
            <line number="79" hits="0" branch="false"/>
            <line number="81" hits="6" branch="false"/>
            <line number="83" hits="6" branch="false"/>
            <line number="85" hits="2" branch="false"/>
            <line number="86" hits="2" branch="false"/>
            <line number="87" hits="0" branch="false"/>
            <line number="88" hits="0" branch="false"/>
            <line number="89" hits="0" branch="false"/>
            <line number="90" hits="0" branch="false"/>
            <line number="91" hits="0" branch="false"/>
            <line number="92" hits="0" branch="false"/>
            <line number="93" hits="0" branch="false"/>
            <line number="95" hits="0" branch="false"/>
            <line number="97" hits="2" branch="false"/>
            <line number="98" hits="0" branch="false"/>
            <line number="100" hits="2" branch="false"/>
            <line number="101" hits="2" branch="false"/>
            <line number="104" hits="8" branch="false"/>
            <line number="105" hits="8" branch="false"/>
            <line number="107" hits="0" branch="false"/>
            <line number="110" hits="8" branch="false"/>
            <line number="111" hits="8" branch="false"/>
            <line number="112" hits="8" branch="false"/>
            <line number="113" hits="0" branch="false"/>
            <line number="115" hits="8" branch="false"/>
            <line number="117" hits="8" branch="false"/>
            <line number="127" hits="4" branch="false"/>
            <line number="128" hits="4" branch="false"/>
            <line number="129" hits="4" branch="false"/>
            <line number="130" hits="4" branch="false"/>
            <line number="131" hits="4" branch="false"/>
            <line number="132" hits="4" branch="false"/>
            <line number="203" hits="0" branch="false"/>
            <line number="204" hits="0" branch="false"/>
            <line number="205" hits="0" branch="false"/>
            <line number="206" hits="0" branch="false"/>
            <line number="207" hits="0" branch="false"/>
            <line number="208" hits="0" branch="false"/>
            <line number="209" hits="0" branch="false"/>
            <line number="211" hits="0" branch="false"/>
            <line number="212" hits="0" branch="false"/>
            <line number="213" hits="0" branch="false"/>
            <line number="214" hits="0" branch="false"/>
          </lines>
        </class>
        <class name="utilities.R" filename="R/utilities.R" line-rate="1" branch-rate="0" complexity="0">
          <methods>
            <method name="parse_safe" signature="" line-rate="1" branch-rate="0">
              <lines>
                <line number="18" hits="8" branch="false"/>
                <line number="19" hits="8" branch="false"/>
                <line number="20" hits="8" branch="false"/>
                <line number="21" hits="27" branch="false"/>
                <line number="22" hits="27" branch="false"/>
                <line number="24" hits="8" branch="false"/>
              </lines>
            </method>
          </methods>
          <lines>
            <line number="18" hits="8" branch="false"/>
            <line number="19" hits="8" branch="false"/>
            <line number="20" hits="8" branch="false"/>
            <line number="21" hits="27" branch="false"/>
            <line number="22" hits="27" branch="false"/>
            <line number="24" hits="8" branch="false"/>
          </lines>
        </class>
      </classes>
    </package>
  </packages>
</coverage>
